Performing C SOURCE FILE Test HAVE_LLD_LINKER_SUPPORT failed with the following output:
Change Dir: /home/cici/mongo-c-driver-1.23.2/cmkae-build/CMakeFiles/CMakeTmp

Run Build Command(s):/usr/bin/make cmTC_160bb/fast && /usr/bin/make -f CMakeFiles/cmTC_160bb.dir/build.make CMakeFiles/cmTC_160bb.dir/build
make[1]: Entering directory '/home/cici/mongo-c-driver-1.23.2/cmkae-build/CMakeFiles/CMakeTmp'
Building C object CMakeFiles/cmTC_160bb.dir/src.c.o
/usr/bin/cc   -DHAVE_LLD_LINKER_SUPPORT -fuse-ld=lld   -o CMakeFiles/cmTC_160bb.dir/src.c.o   -c /home/cici/mongo-c-driver-1.23.2/cmkae-build/CMakeFiles/CMakeTmp/src.c
Linking C executable cmTC_160bb
/usr/bin/cmake -E cmake_link_script CMakeFiles/cmTC_160bb.dir/link.txt --verbose=1
/usr/bin/cc  -DHAVE_LLD_LINKER_SUPPORT -fuse-ld=lld    -rdynamic -fuse-ld=lld CMakeFiles/cmTC_160bb.dir/src.c.o  -o cmTC_160bb 
collect2: fatal error: cannot find ‘ld’
compilation terminated.
make[1]: *** [CMakeFiles/cmTC_160bb.dir/build.make:87: cmTC_160bb] Error 1
make[1]: Leaving directory '/home/cici/mongo-c-driver-1.23.2/cmkae-build/CMakeFiles/CMakeTmp'
make: *** [Makefile:121: cmTC_160bb/fast] Error 2


Source file was:
        #include <stdio.h>

        int main (void) {
            puts ("Hello, world!");
            return 0;
        }
    
Determining if the strlcpy exist failed with the following output:
Change Dir: /home/cici/mongo-c-driver-1.23.2/cmkae-build/CMakeFiles/CMakeTmp

Run Build Command(s):/usr/bin/make cmTC_7076f/fast && /usr/bin/make -f CMakeFiles/cmTC_7076f.dir/build.make CMakeFiles/cmTC_7076f.dir/build
make[1]: Entering directory '/home/cici/mongo-c-driver-1.23.2/cmkae-build/CMakeFiles/CMakeTmp'
Building C object CMakeFiles/cmTC_7076f.dir/CheckSymbolExists.c.o
/usr/bin/cc -D_BSD_SOURCE -D_DEFAULT_SOURCE -D_XOPEN_SOURCE=700   -o CMakeFiles/cmTC_7076f.dir/CheckSymbolExists.c.o   -c /home/cici/mongo-c-driver-1.23.2/cmkae-build/CMakeFiles/CMakeTmp/CheckSymbolExists.c
/home/cici/mongo-c-driver-1.23.2/cmkae-build/CMakeFiles/CMakeTmp/CheckSymbolExists.c: In function ‘main’:
/home/cici/mongo-c-driver-1.23.2/cmkae-build/CMakeFiles/CMakeTmp/CheckSymbolExists.c:8:19: error: ‘strlcpy’ undeclared (first use in this function); did you mean ‘strncpy’?
    8 |   return ((int*)(&strlcpy))[argc];
      |                   ^~~~~~~
      |                   strncpy
/home/cici/mongo-c-driver-1.23.2/cmkae-build/CMakeFiles/CMakeTmp/CheckSymbolExists.c:8:19: note: each undeclared identifier is reported only once for each function it appears in
make[1]: *** [CMakeFiles/cmTC_7076f.dir/build.make:66: CMakeFiles/cmTC_7076f.dir/CheckSymbolExists.c.o] Error 1
make[1]: Leaving directory '/home/cici/mongo-c-driver-1.23.2/cmkae-build/CMakeFiles/CMakeTmp'
make: *** [Makefile:121: cmTC_7076f/fast] Error 2


File /home/cici/mongo-c-driver-1.23.2/cmkae-build/CMakeFiles/CMakeTmp/CheckSymbolExists.c:
/* */
#include <string.h>

int main(int argc, char** argv)
{
  (void)argv;
#ifndef strlcpy
  return ((int*)(&strlcpy))[argc];
#else
  (void)argc;
  return 0;
#endif
}
Performing C SOURCE FILE Test CMAKE_HAVE_LIBC_PTHREAD failed with the following output:
Change Dir: /home/cici/mongo-c-driver-1.23.2/cmkae-build/CMakeFiles/CMakeTmp

Run Build Command(s):/usr/bin/make cmTC_2a74f/fast && /usr/bin/make -f CMakeFiles/cmTC_2a74f.dir/build.make CMakeFiles/cmTC_2a74f.dir/build
make[1]: Entering directory '/home/cici/mongo-c-driver-1.23.2/cmkae-build/CMakeFiles/CMakeTmp'
Building C object CMakeFiles/cmTC_2a74f.dir/src.c.o
/usr/bin/cc -D_BSD_SOURCE -D_DEFAULT_SOURCE -D_XOPEN_SOURCE=700  -DCMAKE_HAVE_LIBC_PTHREAD   -o CMakeFiles/cmTC_2a74f.dir/src.c.o   -c /home/cici/mongo-c-driver-1.23.2/cmkae-build/CMakeFiles/CMakeTmp/src.c
Linking C executable cmTC_2a74f
/usr/bin/cmake -E cmake_link_script CMakeFiles/cmTC_2a74f.dir/link.txt --verbose=1
/usr/bin/cc  -DCMAKE_HAVE_LIBC_PTHREAD    -rdynamic CMakeFiles/cmTC_2a74f.dir/src.c.o  -o cmTC_2a74f  /usr/lib/x86_64-linux-gnu/librt.so 
/usr/bin/ld: CMakeFiles/cmTC_2a74f.dir/src.c.o: in function `main':
src.c:(.text+0x46): undefined reference to `pthread_create'
/usr/bin/ld: src.c:(.text+0x52): undefined reference to `pthread_detach'
/usr/bin/ld: src.c:(.text+0x63): undefined reference to `pthread_join'
collect2: error: ld returned 1 exit status
make[1]: *** [CMakeFiles/cmTC_2a74f.dir/build.make:88: cmTC_2a74f] Error 1
make[1]: Leaving directory '/home/cici/mongo-c-driver-1.23.2/cmkae-build/CMakeFiles/CMakeTmp'
make: *** [Makefile:121: cmTC_2a74f/fast] Error 2


Source file was:
#include <pthread.h>

void* test_func(void* data)
{
  return data;
}

int main(void)
{
  pthread_t thread;
  pthread_create(&thread, NULL, test_func, NULL);
  pthread_detach(thread);
  pthread_join(thread, NULL);
  pthread_atfork(NULL, NULL, NULL);
  pthread_exit(NULL);

  return 0;
}

Determining if the res_ndestroy exist failed with the following output:
Change Dir: /home/cici/mongo-c-driver-1.23.2/cmkae-build/CMakeFiles/CMakeTmp

Run Build Command(s):/usr/bin/make cmTC_2422e/fast && /usr/bin/make -f CMakeFiles/cmTC_2422e.dir/build.make CMakeFiles/cmTC_2422e.dir/build
make[1]: Entering directory '/home/cici/mongo-c-driver-1.23.2/cmkae-build/CMakeFiles/CMakeTmp'
Building C object CMakeFiles/cmTC_2422e.dir/CheckSymbolExists.c.o
/usr/bin/cc -D_BSD_SOURCE -D_DEFAULT_SOURCE -D_XOPEN_SOURCE=700   -o CMakeFiles/cmTC_2422e.dir/CheckSymbolExists.c.o   -c /home/cici/mongo-c-driver-1.23.2/cmkae-build/CMakeFiles/CMakeTmp/CheckSymbolExists.c
/home/cici/mongo-c-driver-1.23.2/cmkae-build/CMakeFiles/CMakeTmp/CheckSymbolExists.c: In function ‘main’:
/home/cici/mongo-c-driver-1.23.2/cmkae-build/CMakeFiles/CMakeTmp/CheckSymbolExists.c:8:19: error: ‘res_ndestroy’ undeclared (first use in this function)
    8 |   return ((int*)(&res_ndestroy))[argc];
      |                   ^~~~~~~~~~~~
/home/cici/mongo-c-driver-1.23.2/cmkae-build/CMakeFiles/CMakeTmp/CheckSymbolExists.c:8:19: note: each undeclared identifier is reported only once for each function it appears in
make[1]: *** [CMakeFiles/cmTC_2422e.dir/build.make:66: CMakeFiles/cmTC_2422e.dir/CheckSymbolExists.c.o] Error 1
make[1]: Leaving directory '/home/cici/mongo-c-driver-1.23.2/cmkae-build/CMakeFiles/CMakeTmp'
make: *** [Makefile:121: cmTC_2422e/fast] Error 2


File /home/cici/mongo-c-driver-1.23.2/cmkae-build/CMakeFiles/CMakeTmp/CheckSymbolExists.c:
/* */
#include <resolv.h>

int main(int argc, char** argv)
{
  (void)argv;
#ifndef res_ndestroy
  return ((int*)(&res_ndestroy))[argc];
#else
  (void)argc;
  return 0;
#endif
}
Determining if the sched_getcpu exist failed with the following output:
Change Dir: /home/cici/mongo-c-driver-1.23.2/cmkae-build/CMakeFiles/CMakeTmp

Run Build Command(s):/usr/bin/make cmTC_52ac0/fast && /usr/bin/make -f CMakeFiles/cmTC_52ac0.dir/build.make CMakeFiles/cmTC_52ac0.dir/build
make[1]: Entering directory '/home/cici/mongo-c-driver-1.23.2/cmkae-build/CMakeFiles/CMakeTmp'
Building C object CMakeFiles/cmTC_52ac0.dir/CheckSymbolExists.c.o
/usr/bin/cc -D_BSD_SOURCE -D_DEFAULT_SOURCE -D_XOPEN_SOURCE=700   -o CMakeFiles/cmTC_52ac0.dir/CheckSymbolExists.c.o   -c /home/cici/mongo-c-driver-1.23.2/cmkae-build/CMakeFiles/CMakeTmp/CheckSymbolExists.c
/home/cici/mongo-c-driver-1.23.2/cmkae-build/CMakeFiles/CMakeTmp/CheckSymbolExists.c: In function ‘main’:
/home/cici/mongo-c-driver-1.23.2/cmkae-build/CMakeFiles/CMakeTmp/CheckSymbolExists.c:8:19: error: ‘sched_getcpu’ undeclared (first use in this function); did you mean ‘sched_getparam’?
    8 |   return ((int*)(&sched_getcpu))[argc];
      |                   ^~~~~~~~~~~~
      |                   sched_getparam
/home/cici/mongo-c-driver-1.23.2/cmkae-build/CMakeFiles/CMakeTmp/CheckSymbolExists.c:8:19: note: each undeclared identifier is reported only once for each function it appears in
make[1]: *** [CMakeFiles/cmTC_52ac0.dir/build.make:66: CMakeFiles/cmTC_52ac0.dir/CheckSymbolExists.c.o] Error 1
make[1]: Leaving directory '/home/cici/mongo-c-driver-1.23.2/cmkae-build/CMakeFiles/CMakeTmp'
make: *** [Makefile:121: cmTC_52ac0/fast] Error 2


File /home/cici/mongo-c-driver-1.23.2/cmkae-build/CMakeFiles/CMakeTmp/CheckSymbolExists.c:
/* */
#include <sched.h>

int main(int argc, char** argv)
{
  (void)argv;
#ifndef sched_getcpu
  return ((int*)(&sched_getcpu))[argc];
#else
  (void)argc;
  return 0;
#endif
}
