The system is: Linux - 5.4.0-139-generic - x86_64
Compiling the C compiler identification source file "CMakeCCompilerId.c" succeeded.
Compiler: /usr/bin/cc 
Build flags: 
Id flags:  

The output was:
0


Compilation of the C compiler identification source "CMakeCCompilerId.c" produced "a.out"

The C compiler identification is GNU, found in "/home/cici/mongodb/mongo-c-driver-1.23.2/build/CMakeFiles/3.16.3/CompilerIdC/a.out"

Determining if the C compiler works passed with the following output:
Change Dir: /home/cici/mongodb/mongo-c-driver-1.23.2/build/CMakeFiles/CMakeTmp

Run Build Command(s):/usr/bin/make cmTC_e11ff/fast && /usr/bin/make -f CMakeFiles/cmTC_e11ff.dir/build.make CMakeFiles/cmTC_e11ff.dir/build
make[1]: Entering directory '/home/cici/mongodb/mongo-c-driver-1.23.2/build/CMakeFiles/CMakeTmp'
Building C object CMakeFiles/cmTC_e11ff.dir/testCCompiler.c.o
/usr/bin/cc    -o CMakeFiles/cmTC_e11ff.dir/testCCompiler.c.o   -c /home/cici/mongodb/mongo-c-driver-1.23.2/build/CMakeFiles/CMakeTmp/testCCompiler.c
Linking C executable cmTC_e11ff
/usr/bin/cmake -E cmake_link_script CMakeFiles/cmTC_e11ff.dir/link.txt --verbose=1
/usr/bin/cc      -rdynamic CMakeFiles/cmTC_e11ff.dir/testCCompiler.c.o  -o cmTC_e11ff 
make[1]: Leaving directory '/home/cici/mongodb/mongo-c-driver-1.23.2/build/CMakeFiles/CMakeTmp'



Detecting C compiler ABI info compiled with the following output:
Change Dir: /home/cici/mongodb/mongo-c-driver-1.23.2/build/CMakeFiles/CMakeTmp

Run Build Command(s):/usr/bin/make cmTC_f2402/fast && /usr/bin/make -f CMakeFiles/cmTC_f2402.dir/build.make CMakeFiles/cmTC_f2402.dir/build
make[1]: Entering directory '/home/cici/mongodb/mongo-c-driver-1.23.2/build/CMakeFiles/CMakeTmp'
Building C object CMakeFiles/cmTC_f2402.dir/CMakeCCompilerABI.c.o
/usr/bin/cc   -v -o CMakeFiles/cmTC_f2402.dir/CMakeCCompilerABI.c.o   -c /usr/share/cmake-3.16/Modules/CMakeCCompilerABI.c
Using built-in specs.
COLLECT_GCC=/usr/bin/cc
OFFLOAD_TARGET_NAMES=nvptx-none:hsa
OFFLOAD_TARGET_DEFAULT=1
Target: x86_64-linux-gnu
Configured with: ../src/configure -v --with-pkgversion='Ubuntu 9.4.0-1ubuntu1~20.04.1' --with-bugurl=file:///usr/share/doc/gcc-9/README.Bugs --enable-languages=c,ada,c++,go,brig,d,fortran,objc,obj-c++,gm2 --prefix=/usr --with-gcc-major-version-only --program-suffix=-9 --program-prefix=x86_64-linux-gnu- --enable-shared --enable-linker-build-id --libexecdir=/usr/lib --without-included-gettext --enable-threads=posix --libdir=/usr/lib --enable-nls --enable-clocale=gnu --enable-libstdcxx-debug --enable-libstdcxx-time=yes --with-default-libstdcxx-abi=new --enable-gnu-unique-object --disable-vtable-verify --enable-plugin --enable-default-pie --with-system-zlib --with-target-system-zlib=auto --enable-objc-gc=auto --enable-multiarch --disable-werror --with-arch-32=i686 --with-abi=m64 --with-multilib-list=m32,m64,mx32 --enable-multilib --with-tune=generic --enable-offload-targets=nvptx-none=/build/gcc-9-Av3uEd/gcc-9-9.4.0/debian/tmp-nvptx/usr,hsa --without-cuda-driver --enable-checking=release --build=x86_64-linux-gnu --host=x86_64-linux-gnu --target=x86_64-linux-gnu
Thread model: posix
gcc version 9.4.0 (Ubuntu 9.4.0-1ubuntu1~20.04.1) 
COLLECT_GCC_OPTIONS='-v' '-o' 'CMakeFiles/cmTC_f2402.dir/CMakeCCompilerABI.c.o' '-c' '-mtune=generic' '-march=x86-64'
 /usr/lib/gcc/x86_64-linux-gnu/9/cc1 -quiet -v -imultiarch x86_64-linux-gnu /usr/share/cmake-3.16/Modules/CMakeCCompilerABI.c -quiet -dumpbase CMakeCCompilerABI.c -mtune=generic -march=x86-64 -auxbase-strip CMakeFiles/cmTC_f2402.dir/CMakeCCompilerABI.c.o -version -fasynchronous-unwind-tables -fstack-protector-strong -Wformat -Wformat-security -fstack-clash-protection -fcf-protection -o /tmp/cc5P3Csy.s
GNU C17 (Ubuntu 9.4.0-1ubuntu1~20.04.1) version 9.4.0 (x86_64-linux-gnu)
	compiled by GNU C version 9.4.0, GMP version 6.2.0, MPFR version 4.0.2, MPC version 1.1.0, isl version isl-0.22.1-GMP

GGC heuristics: --param ggc-min-expand=100 --param ggc-min-heapsize=131072
ignoring nonexistent directory "/usr/local/include/x86_64-linux-gnu"
ignoring nonexistent directory "/usr/lib/gcc/x86_64-linux-gnu/9/include-fixed"
ignoring nonexistent directory "/usr/lib/gcc/x86_64-linux-gnu/9/../../../../x86_64-linux-gnu/include"
#include "..." search starts here:
#include <...> search starts here:
 /usr/lib/gcc/x86_64-linux-gnu/9/include
 /usr/local/include
 /usr/include/x86_64-linux-gnu
 /usr/include
End of search list.
GNU C17 (Ubuntu 9.4.0-1ubuntu1~20.04.1) version 9.4.0 (x86_64-linux-gnu)
	compiled by GNU C version 9.4.0, GMP version 6.2.0, MPFR version 4.0.2, MPC version 1.1.0, isl version isl-0.22.1-GMP

GGC heuristics: --param ggc-min-expand=100 --param ggc-min-heapsize=131072
Compiler executable checksum: c0c95c0b4209efec1c1892d5ff24030b
COLLECT_GCC_OPTIONS='-v' '-o' 'CMakeFiles/cmTC_f2402.dir/CMakeCCompilerABI.c.o' '-c' '-mtune=generic' '-march=x86-64'
 as -v --64 -o CMakeFiles/cmTC_f2402.dir/CMakeCCompilerABI.c.o /tmp/cc5P3Csy.s
GNU assembler version 2.34 (x86_64-linux-gnu) using BFD version (GNU Binutils for Ubuntu) 2.34
COMPILER_PATH=/usr/lib/gcc/x86_64-linux-gnu/9/:/usr/lib/gcc/x86_64-linux-gnu/9/:/usr/lib/gcc/x86_64-linux-gnu/:/usr/lib/gcc/x86_64-linux-gnu/9/:/usr/lib/gcc/x86_64-linux-gnu/
LIBRARY_PATH=/usr/lib/gcc/x86_64-linux-gnu/9/:/usr/lib/gcc/x86_64-linux-gnu/9/../../../x86_64-linux-gnu/:/usr/lib/gcc/x86_64-linux-gnu/9/../../../../lib/:/lib/x86_64-linux-gnu/:/lib/../lib/:/usr/lib/x86_64-linux-gnu/:/usr/lib/../lib/:/usr/lib/gcc/x86_64-linux-gnu/9/../../../:/lib/:/usr/lib/
COLLECT_GCC_OPTIONS='-v' '-o' 'CMakeFiles/cmTC_f2402.dir/CMakeCCompilerABI.c.o' '-c' '-mtune=generic' '-march=x86-64'
Linking C executable cmTC_f2402
/usr/bin/cmake -E cmake_link_script CMakeFiles/cmTC_f2402.dir/link.txt --verbose=1
/usr/bin/cc     -v -rdynamic CMakeFiles/cmTC_f2402.dir/CMakeCCompilerABI.c.o  -o cmTC_f2402 
Using built-in specs.
COLLECT_GCC=/usr/bin/cc
COLLECT_LTO_WRAPPER=/usr/lib/gcc/x86_64-linux-gnu/9/lto-wrapper
OFFLOAD_TARGET_NAMES=nvptx-none:hsa
OFFLOAD_TARGET_DEFAULT=1
Target: x86_64-linux-gnu
Configured with: ../src/configure -v --with-pkgversion='Ubuntu 9.4.0-1ubuntu1~20.04.1' --with-bugurl=file:///usr/share/doc/gcc-9/README.Bugs --enable-languages=c,ada,c++,go,brig,d,fortran,objc,obj-c++,gm2 --prefix=/usr --with-gcc-major-version-only --program-suffix=-9 --program-prefix=x86_64-linux-gnu- --enable-shared --enable-linker-build-id --libexecdir=/usr/lib --without-included-gettext --enable-threads=posix --libdir=/usr/lib --enable-nls --enable-clocale=gnu --enable-libstdcxx-debug --enable-libstdcxx-time=yes --with-default-libstdcxx-abi=new --enable-gnu-unique-object --disable-vtable-verify --enable-plugin --enable-default-pie --with-system-zlib --with-target-system-zlib=auto --enable-objc-gc=auto --enable-multiarch --disable-werror --with-arch-32=i686 --with-abi=m64 --with-multilib-list=m32,m64,mx32 --enable-multilib --with-tune=generic --enable-offload-targets=nvptx-none=/build/gcc-9-Av3uEd/gcc-9-9.4.0/debian/tmp-nvptx/usr,hsa --without-cuda-driver --enable-checking=release --build=x86_64-linux-gnu --host=x86_64-linux-gnu --target=x86_64-linux-gnu
Thread model: posix
gcc version 9.4.0 (Ubuntu 9.4.0-1ubuntu1~20.04.1) 
COMPILER_PATH=/usr/lib/gcc/x86_64-linux-gnu/9/:/usr/lib/gcc/x86_64-linux-gnu/9/:/usr/lib/gcc/x86_64-linux-gnu/:/usr/lib/gcc/x86_64-linux-gnu/9/:/usr/lib/gcc/x86_64-linux-gnu/
LIBRARY_PATH=/usr/lib/gcc/x86_64-linux-gnu/9/:/usr/lib/gcc/x86_64-linux-gnu/9/../../../x86_64-linux-gnu/:/usr/lib/gcc/x86_64-linux-gnu/9/../../../../lib/:/lib/x86_64-linux-gnu/:/lib/../lib/:/usr/lib/x86_64-linux-gnu/:/usr/lib/../lib/:/usr/lib/gcc/x86_64-linux-gnu/9/../../../:/lib/:/usr/lib/
COLLECT_GCC_OPTIONS='-v' '-rdynamic' '-o' 'cmTC_f2402' '-mtune=generic' '-march=x86-64'
 /usr/lib/gcc/x86_64-linux-gnu/9/collect2 -plugin /usr/lib/gcc/x86_64-linux-gnu/9/liblto_plugin.so -plugin-opt=/usr/lib/gcc/x86_64-linux-gnu/9/lto-wrapper -plugin-opt=-fresolution=/tmp/cclGwmAY.res -plugin-opt=-pass-through=-lgcc -plugin-opt=-pass-through=-lgcc_s -plugin-opt=-pass-through=-lc -plugin-opt=-pass-through=-lgcc -plugin-opt=-pass-through=-lgcc_s --build-id --eh-frame-hdr -m elf_x86_64 --hash-style=gnu --as-needed -export-dynamic -dynamic-linker /lib64/ld-linux-x86-64.so.2 -pie -z now -z relro -o cmTC_f2402 /usr/lib/gcc/x86_64-linux-gnu/9/../../../x86_64-linux-gnu/Scrt1.o /usr/lib/gcc/x86_64-linux-gnu/9/../../../x86_64-linux-gnu/crti.o /usr/lib/gcc/x86_64-linux-gnu/9/crtbeginS.o -L/usr/lib/gcc/x86_64-linux-gnu/9 -L/usr/lib/gcc/x86_64-linux-gnu/9/../../../x86_64-linux-gnu -L/usr/lib/gcc/x86_64-linux-gnu/9/../../../../lib -L/lib/x86_64-linux-gnu -L/lib/../lib -L/usr/lib/x86_64-linux-gnu -L/usr/lib/../lib -L/usr/lib/gcc/x86_64-linux-gnu/9/../../.. CMakeFiles/cmTC_f2402.dir/CMakeCCompilerABI.c.o -lgcc --push-state --as-needed -lgcc_s --pop-state -lc -lgcc --push-state --as-needed -lgcc_s --pop-state /usr/lib/gcc/x86_64-linux-gnu/9/crtendS.o /usr/lib/gcc/x86_64-linux-gnu/9/../../../x86_64-linux-gnu/crtn.o
COLLECT_GCC_OPTIONS='-v' '-rdynamic' '-o' 'cmTC_f2402' '-mtune=generic' '-march=x86-64'
make[1]: Leaving directory '/home/cici/mongodb/mongo-c-driver-1.23.2/build/CMakeFiles/CMakeTmp'



Parsed C implicit include dir info from above output: rv=done
  found start of include info
  found start of implicit include info
    add: [/usr/lib/gcc/x86_64-linux-gnu/9/include]
    add: [/usr/local/include]
    add: [/usr/include/x86_64-linux-gnu]
    add: [/usr/include]
  end of search list found
  collapse include dir [/usr/lib/gcc/x86_64-linux-gnu/9/include] ==> [/usr/lib/gcc/x86_64-linux-gnu/9/include]
  collapse include dir [/usr/local/include] ==> [/usr/local/include]
  collapse include dir [/usr/include/x86_64-linux-gnu] ==> [/usr/include/x86_64-linux-gnu]
  collapse include dir [/usr/include] ==> [/usr/include]
  implicit include dirs: [/usr/lib/gcc/x86_64-linux-gnu/9/include;/usr/local/include;/usr/include/x86_64-linux-gnu;/usr/include]


Parsed C implicit link information from above output:
  link line regex: [^( *|.*[/\])(ld|CMAKE_LINK_STARTFILE-NOTFOUND|([^/\]+-)?ld|collect2)[^/\]*( |$)]
  ignore line: [Change Dir: /home/cici/mongodb/mongo-c-driver-1.23.2/build/CMakeFiles/CMakeTmp]
  ignore line: []
  ignore line: [Run Build Command(s):/usr/bin/make cmTC_f2402/fast && /usr/bin/make -f CMakeFiles/cmTC_f2402.dir/build.make CMakeFiles/cmTC_f2402.dir/build]
  ignore line: [make[1]: Entering directory '/home/cici/mongodb/mongo-c-driver-1.23.2/build/CMakeFiles/CMakeTmp']
  ignore line: [Building C object CMakeFiles/cmTC_f2402.dir/CMakeCCompilerABI.c.o]
  ignore line: [/usr/bin/cc   -v -o CMakeFiles/cmTC_f2402.dir/CMakeCCompilerABI.c.o   -c /usr/share/cmake-3.16/Modules/CMakeCCompilerABI.c]
  ignore line: [Using built-in specs.]
  ignore line: [COLLECT_GCC=/usr/bin/cc]
  ignore line: [OFFLOAD_TARGET_NAMES=nvptx-none:hsa]
  ignore line: [OFFLOAD_TARGET_DEFAULT=1]
  ignore line: [Target: x86_64-linux-gnu]
  ignore line: [Configured with: ../src/configure -v --with-pkgversion='Ubuntu 9.4.0-1ubuntu1~20.04.1' --with-bugurl=file:///usr/share/doc/gcc-9/README.Bugs --enable-languages=c ada c++ go brig d fortran objc obj-c++ gm2 --prefix=/usr --with-gcc-major-version-only --program-suffix=-9 --program-prefix=x86_64-linux-gnu- --enable-shared --enable-linker-build-id --libexecdir=/usr/lib --without-included-gettext --enable-threads=posix --libdir=/usr/lib --enable-nls --enable-clocale=gnu --enable-libstdcxx-debug --enable-libstdcxx-time=yes --with-default-libstdcxx-abi=new --enable-gnu-unique-object --disable-vtable-verify --enable-plugin --enable-default-pie --with-system-zlib --with-target-system-zlib=auto --enable-objc-gc=auto --enable-multiarch --disable-werror --with-arch-32=i686 --with-abi=m64 --with-multilib-list=m32 m64 mx32 --enable-multilib --with-tune=generic --enable-offload-targets=nvptx-none=/build/gcc-9-Av3uEd/gcc-9-9.4.0/debian/tmp-nvptx/usr hsa --without-cuda-driver --enable-checking=release --build=x86_64-linux-gnu --host=x86_64-linux-gnu --target=x86_64-linux-gnu]
  ignore line: [Thread model: posix]
  ignore line: [gcc version 9.4.0 (Ubuntu 9.4.0-1ubuntu1~20.04.1) ]
  ignore line: [COLLECT_GCC_OPTIONS='-v' '-o' 'CMakeFiles/cmTC_f2402.dir/CMakeCCompilerABI.c.o' '-c' '-mtune=generic' '-march=x86-64']
  ignore line: [ /usr/lib/gcc/x86_64-linux-gnu/9/cc1 -quiet -v -imultiarch x86_64-linux-gnu /usr/share/cmake-3.16/Modules/CMakeCCompilerABI.c -quiet -dumpbase CMakeCCompilerABI.c -mtune=generic -march=x86-64 -auxbase-strip CMakeFiles/cmTC_f2402.dir/CMakeCCompilerABI.c.o -version -fasynchronous-unwind-tables -fstack-protector-strong -Wformat -Wformat-security -fstack-clash-protection -fcf-protection -o /tmp/cc5P3Csy.s]
  ignore line: [GNU C17 (Ubuntu 9.4.0-1ubuntu1~20.04.1) version 9.4.0 (x86_64-linux-gnu)]
  ignore line: [	compiled by GNU C version 9.4.0  GMP version 6.2.0  MPFR version 4.0.2  MPC version 1.1.0  isl version isl-0.22.1-GMP]
  ignore line: []
  ignore line: [GGC heuristics: --param ggc-min-expand=100 --param ggc-min-heapsize=131072]
  ignore line: [ignoring nonexistent directory "/usr/local/include/x86_64-linux-gnu"]
  ignore line: [ignoring nonexistent directory "/usr/lib/gcc/x86_64-linux-gnu/9/include-fixed"]
  ignore line: [ignoring nonexistent directory "/usr/lib/gcc/x86_64-linux-gnu/9/../../../../x86_64-linux-gnu/include"]
  ignore line: [#include "..." search starts here:]
  ignore line: [#include <...> search starts here:]
  ignore line: [ /usr/lib/gcc/x86_64-linux-gnu/9/include]
  ignore line: [ /usr/local/include]
  ignore line: [ /usr/include/x86_64-linux-gnu]
  ignore line: [ /usr/include]
  ignore line: [End of search list.]
  ignore line: [GNU C17 (Ubuntu 9.4.0-1ubuntu1~20.04.1) version 9.4.0 (x86_64-linux-gnu)]
  ignore line: [	compiled by GNU C version 9.4.0  GMP version 6.2.0  MPFR version 4.0.2  MPC version 1.1.0  isl version isl-0.22.1-GMP]
  ignore line: []
  ignore line: [GGC heuristics: --param ggc-min-expand=100 --param ggc-min-heapsize=131072]
  ignore line: [Compiler executable checksum: c0c95c0b4209efec1c1892d5ff24030b]
  ignore line: [COLLECT_GCC_OPTIONS='-v' '-o' 'CMakeFiles/cmTC_f2402.dir/CMakeCCompilerABI.c.o' '-c' '-mtune=generic' '-march=x86-64']
  ignore line: [ as -v --64 -o CMakeFiles/cmTC_f2402.dir/CMakeCCompilerABI.c.o /tmp/cc5P3Csy.s]
  ignore line: [GNU assembler version 2.34 (x86_64-linux-gnu) using BFD version (GNU Binutils for Ubuntu) 2.34]
  ignore line: [COMPILER_PATH=/usr/lib/gcc/x86_64-linux-gnu/9/:/usr/lib/gcc/x86_64-linux-gnu/9/:/usr/lib/gcc/x86_64-linux-gnu/:/usr/lib/gcc/x86_64-linux-gnu/9/:/usr/lib/gcc/x86_64-linux-gnu/]
  ignore line: [LIBRARY_PATH=/usr/lib/gcc/x86_64-linux-gnu/9/:/usr/lib/gcc/x86_64-linux-gnu/9/../../../x86_64-linux-gnu/:/usr/lib/gcc/x86_64-linux-gnu/9/../../../../lib/:/lib/x86_64-linux-gnu/:/lib/../lib/:/usr/lib/x86_64-linux-gnu/:/usr/lib/../lib/:/usr/lib/gcc/x86_64-linux-gnu/9/../../../:/lib/:/usr/lib/]
  ignore line: [COLLECT_GCC_OPTIONS='-v' '-o' 'CMakeFiles/cmTC_f2402.dir/CMakeCCompilerABI.c.o' '-c' '-mtune=generic' '-march=x86-64']
  ignore line: [Linking C executable cmTC_f2402]
  ignore line: [/usr/bin/cmake -E cmake_link_script CMakeFiles/cmTC_f2402.dir/link.txt --verbose=1]
  ignore line: [/usr/bin/cc     -v -rdynamic CMakeFiles/cmTC_f2402.dir/CMakeCCompilerABI.c.o  -o cmTC_f2402 ]
  ignore line: [Using built-in specs.]
  ignore line: [COLLECT_GCC=/usr/bin/cc]
  ignore line: [COLLECT_LTO_WRAPPER=/usr/lib/gcc/x86_64-linux-gnu/9/lto-wrapper]
  ignore line: [OFFLOAD_TARGET_NAMES=nvptx-none:hsa]
  ignore line: [OFFLOAD_TARGET_DEFAULT=1]
  ignore line: [Target: x86_64-linux-gnu]
  ignore line: [Configured with: ../src/configure -v --with-pkgversion='Ubuntu 9.4.0-1ubuntu1~20.04.1' --with-bugurl=file:///usr/share/doc/gcc-9/README.Bugs --enable-languages=c ada c++ go brig d fortran objc obj-c++ gm2 --prefix=/usr --with-gcc-major-version-only --program-suffix=-9 --program-prefix=x86_64-linux-gnu- --enable-shared --enable-linker-build-id --libexecdir=/usr/lib --without-included-gettext --enable-threads=posix --libdir=/usr/lib --enable-nls --enable-clocale=gnu --enable-libstdcxx-debug --enable-libstdcxx-time=yes --with-default-libstdcxx-abi=new --enable-gnu-unique-object --disable-vtable-verify --enable-plugin --enable-default-pie --with-system-zlib --with-target-system-zlib=auto --enable-objc-gc=auto --enable-multiarch --disable-werror --with-arch-32=i686 --with-abi=m64 --with-multilib-list=m32 m64 mx32 --enable-multilib --with-tune=generic --enable-offload-targets=nvptx-none=/build/gcc-9-Av3uEd/gcc-9-9.4.0/debian/tmp-nvptx/usr hsa --without-cuda-driver --enable-checking=release --build=x86_64-linux-gnu --host=x86_64-linux-gnu --target=x86_64-linux-gnu]
  ignore line: [Thread model: posix]
  ignore line: [gcc version 9.4.0 (Ubuntu 9.4.0-1ubuntu1~20.04.1) ]
  ignore line: [COMPILER_PATH=/usr/lib/gcc/x86_64-linux-gnu/9/:/usr/lib/gcc/x86_64-linux-gnu/9/:/usr/lib/gcc/x86_64-linux-gnu/:/usr/lib/gcc/x86_64-linux-gnu/9/:/usr/lib/gcc/x86_64-linux-gnu/]
  ignore line: [LIBRARY_PATH=/usr/lib/gcc/x86_64-linux-gnu/9/:/usr/lib/gcc/x86_64-linux-gnu/9/../../../x86_64-linux-gnu/:/usr/lib/gcc/x86_64-linux-gnu/9/../../../../lib/:/lib/x86_64-linux-gnu/:/lib/../lib/:/usr/lib/x86_64-linux-gnu/:/usr/lib/../lib/:/usr/lib/gcc/x86_64-linux-gnu/9/../../../:/lib/:/usr/lib/]
  ignore line: [COLLECT_GCC_OPTIONS='-v' '-rdynamic' '-o' 'cmTC_f2402' '-mtune=generic' '-march=x86-64']
  link line: [ /usr/lib/gcc/x86_64-linux-gnu/9/collect2 -plugin /usr/lib/gcc/x86_64-linux-gnu/9/liblto_plugin.so -plugin-opt=/usr/lib/gcc/x86_64-linux-gnu/9/lto-wrapper -plugin-opt=-fresolution=/tmp/cclGwmAY.res -plugin-opt=-pass-through=-lgcc -plugin-opt=-pass-through=-lgcc_s -plugin-opt=-pass-through=-lc -plugin-opt=-pass-through=-lgcc -plugin-opt=-pass-through=-lgcc_s --build-id --eh-frame-hdr -m elf_x86_64 --hash-style=gnu --as-needed -export-dynamic -dynamic-linker /lib64/ld-linux-x86-64.so.2 -pie -z now -z relro -o cmTC_f2402 /usr/lib/gcc/x86_64-linux-gnu/9/../../../x86_64-linux-gnu/Scrt1.o /usr/lib/gcc/x86_64-linux-gnu/9/../../../x86_64-linux-gnu/crti.o /usr/lib/gcc/x86_64-linux-gnu/9/crtbeginS.o -L/usr/lib/gcc/x86_64-linux-gnu/9 -L/usr/lib/gcc/x86_64-linux-gnu/9/../../../x86_64-linux-gnu -L/usr/lib/gcc/x86_64-linux-gnu/9/../../../../lib -L/lib/x86_64-linux-gnu -L/lib/../lib -L/usr/lib/x86_64-linux-gnu -L/usr/lib/../lib -L/usr/lib/gcc/x86_64-linux-gnu/9/../../.. CMakeFiles/cmTC_f2402.dir/CMakeCCompilerABI.c.o -lgcc --push-state --as-needed -lgcc_s --pop-state -lc -lgcc --push-state --as-needed -lgcc_s --pop-state /usr/lib/gcc/x86_64-linux-gnu/9/crtendS.o /usr/lib/gcc/x86_64-linux-gnu/9/../../../x86_64-linux-gnu/crtn.o]
    arg [/usr/lib/gcc/x86_64-linux-gnu/9/collect2] ==> ignore
    arg [-plugin] ==> ignore
    arg [/usr/lib/gcc/x86_64-linux-gnu/9/liblto_plugin.so] ==> ignore
    arg [-plugin-opt=/usr/lib/gcc/x86_64-linux-gnu/9/lto-wrapper] ==> ignore
    arg [-plugin-opt=-fresolution=/tmp/cclGwmAY.res] ==> ignore
    arg [-plugin-opt=-pass-through=-lgcc] ==> ignore
    arg [-plugin-opt=-pass-through=-lgcc_s] ==> ignore
    arg [-plugin-opt=-pass-through=-lc] ==> ignore
    arg [-plugin-opt=-pass-through=-lgcc] ==> ignore
    arg [-plugin-opt=-pass-through=-lgcc_s] ==> ignore
    arg [--build-id] ==> ignore
    arg [--eh-frame-hdr] ==> ignore
    arg [-m] ==> ignore
    arg [elf_x86_64] ==> ignore
    arg [--hash-style=gnu] ==> ignore
    arg [--as-needed] ==> ignore
    arg [-export-dynamic] ==> ignore
    arg [-dynamic-linker] ==> ignore
    arg [/lib64/ld-linux-x86-64.so.2] ==> ignore
    arg [-pie] ==> ignore
    arg [-znow] ==> ignore
    arg [-zrelro] ==> ignore
    arg [-o] ==> ignore
    arg [cmTC_f2402] ==> ignore
    arg [/usr/lib/gcc/x86_64-linux-gnu/9/../../../x86_64-linux-gnu/Scrt1.o] ==> ignore
    arg [/usr/lib/gcc/x86_64-linux-gnu/9/../../../x86_64-linux-gnu/crti.o] ==> ignore
    arg [/usr/lib/gcc/x86_64-linux-gnu/9/crtbeginS.o] ==> ignore
    arg [-L/usr/lib/gcc/x86_64-linux-gnu/9] ==> dir [/usr/lib/gcc/x86_64-linux-gnu/9]
    arg [-L/usr/lib/gcc/x86_64-linux-gnu/9/../../../x86_64-linux-gnu] ==> dir [/usr/lib/gcc/x86_64-linux-gnu/9/../../../x86_64-linux-gnu]
    arg [-L/usr/lib/gcc/x86_64-linux-gnu/9/../../../../lib] ==> dir [/usr/lib/gcc/x86_64-linux-gnu/9/../../../../lib]
    arg [-L/lib/x86_64-linux-gnu] ==> dir [/lib/x86_64-linux-gnu]
    arg [-L/lib/../lib] ==> dir [/lib/../lib]
    arg [-L/usr/lib/x86_64-linux-gnu] ==> dir [/usr/lib/x86_64-linux-gnu]
    arg [-L/usr/lib/../lib] ==> dir [/usr/lib/../lib]
    arg [-L/usr/lib/gcc/x86_64-linux-gnu/9/../../..] ==> dir [/usr/lib/gcc/x86_64-linux-gnu/9/../../..]
    arg [CMakeFiles/cmTC_f2402.dir/CMakeCCompilerABI.c.o] ==> ignore
    arg [-lgcc] ==> lib [gcc]
    arg [--push-state] ==> ignore
    arg [--as-needed] ==> ignore
    arg [-lgcc_s] ==> lib [gcc_s]
    arg [--pop-state] ==> ignore
    arg [-lc] ==> lib [c]
    arg [-lgcc] ==> lib [gcc]
    arg [--push-state] ==> ignore
    arg [--as-needed] ==> ignore
    arg [-lgcc_s] ==> lib [gcc_s]
    arg [--pop-state] ==> ignore
    arg [/usr/lib/gcc/x86_64-linux-gnu/9/crtendS.o] ==> ignore
    arg [/usr/lib/gcc/x86_64-linux-gnu/9/../../../x86_64-linux-gnu/crtn.o] ==> ignore
  collapse library dir [/usr/lib/gcc/x86_64-linux-gnu/9] ==> [/usr/lib/gcc/x86_64-linux-gnu/9]
  collapse library dir [/usr/lib/gcc/x86_64-linux-gnu/9/../../../x86_64-linux-gnu] ==> [/usr/lib/x86_64-linux-gnu]
  collapse library dir [/usr/lib/gcc/x86_64-linux-gnu/9/../../../../lib] ==> [/usr/lib]
  collapse library dir [/lib/x86_64-linux-gnu] ==> [/lib/x86_64-linux-gnu]
  collapse library dir [/lib/../lib] ==> [/lib]
  collapse library dir [/usr/lib/x86_64-linux-gnu] ==> [/usr/lib/x86_64-linux-gnu]
  collapse library dir [/usr/lib/../lib] ==> [/usr/lib]
  collapse library dir [/usr/lib/gcc/x86_64-linux-gnu/9/../../..] ==> [/usr/lib]
  implicit libs: [gcc;gcc_s;c;gcc;gcc_s]
  implicit dirs: [/usr/lib/gcc/x86_64-linux-gnu/9;/usr/lib/x86_64-linux-gnu;/usr/lib;/lib/x86_64-linux-gnu;/lib]
  implicit fwks: []


Looking for a CXX compiler passed with the following output:
-- The CXX compiler identification is GNU 9.4.0
-- Check for working CXX compiler: /usr/bin/c++
-- Check for working CXX compiler: /usr/bin/c++ -- works
-- Detecting CXX compiler ABI info
-- Detecting CXX compiler ABI info - done
-- Detecting CXX compile features
-- Detecting CXX compile features - done
-- Configuring done
-- Generating done
-- Build files have been written to: /home/cici/mongodb/mongo-c-driver-1.23.2/build/CMakeFiles/CheckCXX

Compiling the CXX compiler identification source file "CMakeCXXCompilerId.cpp" succeeded.
Compiler: /usr/bin/c++ 
Build flags: 
Id flags:  

The output was:
0


Compilation of the CXX compiler identification source "CMakeCXXCompilerId.cpp" produced "a.out"

The CXX compiler identification is GNU, found in "/home/cici/mongodb/mongo-c-driver-1.23.2/build/CMakeFiles/3.16.3/CompilerIdCXX/a.out"

Determining if the CXX compiler works passed with the following output:
Change Dir: /home/cici/mongodb/mongo-c-driver-1.23.2/build/CMakeFiles/CMakeTmp

Run Build Command(s):/usr/bin/make cmTC_45d15/fast && /usr/bin/make -f CMakeFiles/cmTC_45d15.dir/build.make CMakeFiles/cmTC_45d15.dir/build
make[1]: Entering directory '/home/cici/mongodb/mongo-c-driver-1.23.2/build/CMakeFiles/CMakeTmp'
Building CXX object CMakeFiles/cmTC_45d15.dir/testCXXCompiler.cxx.o
/usr/bin/c++     -o CMakeFiles/cmTC_45d15.dir/testCXXCompiler.cxx.o -c /home/cici/mongodb/mongo-c-driver-1.23.2/build/CMakeFiles/CMakeTmp/testCXXCompiler.cxx
Linking CXX executable cmTC_45d15
/usr/bin/cmake -E cmake_link_script CMakeFiles/cmTC_45d15.dir/link.txt --verbose=1
/usr/bin/c++       -rdynamic CMakeFiles/cmTC_45d15.dir/testCXXCompiler.cxx.o  -o cmTC_45d15 
make[1]: Leaving directory '/home/cici/mongodb/mongo-c-driver-1.23.2/build/CMakeFiles/CMakeTmp'



Detecting CXX compiler ABI info compiled with the following output:
Change Dir: /home/cici/mongodb/mongo-c-driver-1.23.2/build/CMakeFiles/CMakeTmp

Run Build Command(s):/usr/bin/make cmTC_d5a68/fast && /usr/bin/make -f CMakeFiles/cmTC_d5a68.dir/build.make CMakeFiles/cmTC_d5a68.dir/build
make[1]: Entering directory '/home/cici/mongodb/mongo-c-driver-1.23.2/build/CMakeFiles/CMakeTmp'
Building CXX object CMakeFiles/cmTC_d5a68.dir/CMakeCXXCompilerABI.cpp.o
/usr/bin/c++    -v -o CMakeFiles/cmTC_d5a68.dir/CMakeCXXCompilerABI.cpp.o -c /usr/share/cmake-3.16/Modules/CMakeCXXCompilerABI.cpp
Using built-in specs.
COLLECT_GCC=/usr/bin/c++
OFFLOAD_TARGET_NAMES=nvptx-none:hsa
OFFLOAD_TARGET_DEFAULT=1
Target: x86_64-linux-gnu
Configured with: ../src/configure -v --with-pkgversion='Ubuntu 9.4.0-1ubuntu1~20.04.1' --with-bugurl=file:///usr/share/doc/gcc-9/README.Bugs --enable-languages=c,ada,c++,go,brig,d,fortran,objc,obj-c++,gm2 --prefix=/usr --with-gcc-major-version-only --program-suffix=-9 --program-prefix=x86_64-linux-gnu- --enable-shared --enable-linker-build-id --libexecdir=/usr/lib --without-included-gettext --enable-threads=posix --libdir=/usr/lib --enable-nls --enable-clocale=gnu --enable-libstdcxx-debug --enable-libstdcxx-time=yes --with-default-libstdcxx-abi=new --enable-gnu-unique-object --disable-vtable-verify --enable-plugin --enable-default-pie --with-system-zlib --with-target-system-zlib=auto --enable-objc-gc=auto --enable-multiarch --disable-werror --with-arch-32=i686 --with-abi=m64 --with-multilib-list=m32,m64,mx32 --enable-multilib --with-tune=generic --enable-offload-targets=nvptx-none=/build/gcc-9-Av3uEd/gcc-9-9.4.0/debian/tmp-nvptx/usr,hsa --without-cuda-driver --enable-checking=release --build=x86_64-linux-gnu --host=x86_64-linux-gnu --target=x86_64-linux-gnu
Thread model: posix
gcc version 9.4.0 (Ubuntu 9.4.0-1ubuntu1~20.04.1) 
COLLECT_GCC_OPTIONS='-v' '-o' 'CMakeFiles/cmTC_d5a68.dir/CMakeCXXCompilerABI.cpp.o' '-c' '-shared-libgcc' '-mtune=generic' '-march=x86-64'
 /usr/lib/gcc/x86_64-linux-gnu/9/cc1plus -quiet -v -imultiarch x86_64-linux-gnu -D_GNU_SOURCE /usr/share/cmake-3.16/Modules/CMakeCXXCompilerABI.cpp -quiet -dumpbase CMakeCXXCompilerABI.cpp -mtune=generic -march=x86-64 -auxbase-strip CMakeFiles/cmTC_d5a68.dir/CMakeCXXCompilerABI.cpp.o -version -fasynchronous-unwind-tables -fstack-protector-strong -Wformat -Wformat-security -fstack-clash-protection -fcf-protection -o /tmp/ccXNrgC0.s
GNU C++14 (Ubuntu 9.4.0-1ubuntu1~20.04.1) version 9.4.0 (x86_64-linux-gnu)
	compiled by GNU C version 9.4.0, GMP version 6.2.0, MPFR version 4.0.2, MPC version 1.1.0, isl version isl-0.22.1-GMP

GGC heuristics: --param ggc-min-expand=100 --param ggc-min-heapsize=131072
ignoring duplicate directory "/usr/include/x86_64-linux-gnu/c++/9"
ignoring nonexistent directory "/usr/local/include/x86_64-linux-gnu"
ignoring nonexistent directory "/usr/lib/gcc/x86_64-linux-gnu/9/include-fixed"
ignoring nonexistent directory "/usr/lib/gcc/x86_64-linux-gnu/9/../../../../x86_64-linux-gnu/include"
#include "..." search starts here:
#include <...> search starts here:
 /usr/include/c++/9
 /usr/include/x86_64-linux-gnu/c++/9
 /usr/include/c++/9/backward
 /usr/lib/gcc/x86_64-linux-gnu/9/include
 /usr/local/include
 /usr/include/x86_64-linux-gnu
 /usr/include
End of search list.
GNU C++14 (Ubuntu 9.4.0-1ubuntu1~20.04.1) version 9.4.0 (x86_64-linux-gnu)
	compiled by GNU C version 9.4.0, GMP version 6.2.0, MPFR version 4.0.2, MPC version 1.1.0, isl version isl-0.22.1-GMP

GGC heuristics: --param ggc-min-expand=100 --param ggc-min-heapsize=131072
Compiler executable checksum: 65fe925b83d3956b533de4aaba7dace0
COLLECT_GCC_OPTIONS='-v' '-o' 'CMakeFiles/cmTC_d5a68.dir/CMakeCXXCompilerABI.cpp.o' '-c' '-shared-libgcc' '-mtune=generic' '-march=x86-64'
 as -v --64 -o CMakeFiles/cmTC_d5a68.dir/CMakeCXXCompilerABI.cpp.o /tmp/ccXNrgC0.s
GNU assembler version 2.34 (x86_64-linux-gnu) using BFD version (GNU Binutils for Ubuntu) 2.34
COMPILER_PATH=/usr/lib/gcc/x86_64-linux-gnu/9/:/usr/lib/gcc/x86_64-linux-gnu/9/:/usr/lib/gcc/x86_64-linux-gnu/:/usr/lib/gcc/x86_64-linux-gnu/9/:/usr/lib/gcc/x86_64-linux-gnu/
LIBRARY_PATH=/usr/lib/gcc/x86_64-linux-gnu/9/:/usr/lib/gcc/x86_64-linux-gnu/9/../../../x86_64-linux-gnu/:/usr/lib/gcc/x86_64-linux-gnu/9/../../../../lib/:/lib/x86_64-linux-gnu/:/lib/../lib/:/usr/lib/x86_64-linux-gnu/:/usr/lib/../lib/:/usr/lib/gcc/x86_64-linux-gnu/9/../../../:/lib/:/usr/lib/
COLLECT_GCC_OPTIONS='-v' '-o' 'CMakeFiles/cmTC_d5a68.dir/CMakeCXXCompilerABI.cpp.o' '-c' '-shared-libgcc' '-mtune=generic' '-march=x86-64'
Linking CXX executable cmTC_d5a68
/usr/bin/cmake -E cmake_link_script CMakeFiles/cmTC_d5a68.dir/link.txt --verbose=1
/usr/bin/c++      -v -rdynamic CMakeFiles/cmTC_d5a68.dir/CMakeCXXCompilerABI.cpp.o  -o cmTC_d5a68 
Using built-in specs.
COLLECT_GCC=/usr/bin/c++
COLLECT_LTO_WRAPPER=/usr/lib/gcc/x86_64-linux-gnu/9/lto-wrapper
OFFLOAD_TARGET_NAMES=nvptx-none:hsa
OFFLOAD_TARGET_DEFAULT=1
Target: x86_64-linux-gnu
Configured with: ../src/configure -v --with-pkgversion='Ubuntu 9.4.0-1ubuntu1~20.04.1' --with-bugurl=file:///usr/share/doc/gcc-9/README.Bugs --enable-languages=c,ada,c++,go,brig,d,fortran,objc,obj-c++,gm2 --prefix=/usr --with-gcc-major-version-only --program-suffix=-9 --program-prefix=x86_64-linux-gnu- --enable-shared --enable-linker-build-id --libexecdir=/usr/lib --without-included-gettext --enable-threads=posix --libdir=/usr/lib --enable-nls --enable-clocale=gnu --enable-libstdcxx-debug --enable-libstdcxx-time=yes --with-default-libstdcxx-abi=new --enable-gnu-unique-object --disable-vtable-verify --enable-plugin --enable-default-pie --with-system-zlib --with-target-system-zlib=auto --enable-objc-gc=auto --enable-multiarch --disable-werror --with-arch-32=i686 --with-abi=m64 --with-multilib-list=m32,m64,mx32 --enable-multilib --with-tune=generic --enable-offload-targets=nvptx-none=/build/gcc-9-Av3uEd/gcc-9-9.4.0/debian/tmp-nvptx/usr,hsa --without-cuda-driver --enable-checking=release --build=x86_64-linux-gnu --host=x86_64-linux-gnu --target=x86_64-linux-gnu
Thread model: posix
gcc version 9.4.0 (Ubuntu 9.4.0-1ubuntu1~20.04.1) 
COMPILER_PATH=/usr/lib/gcc/x86_64-linux-gnu/9/:/usr/lib/gcc/x86_64-linux-gnu/9/:/usr/lib/gcc/x86_64-linux-gnu/:/usr/lib/gcc/x86_64-linux-gnu/9/:/usr/lib/gcc/x86_64-linux-gnu/
LIBRARY_PATH=/usr/lib/gcc/x86_64-linux-gnu/9/:/usr/lib/gcc/x86_64-linux-gnu/9/../../../x86_64-linux-gnu/:/usr/lib/gcc/x86_64-linux-gnu/9/../../../../lib/:/lib/x86_64-linux-gnu/:/lib/../lib/:/usr/lib/x86_64-linux-gnu/:/usr/lib/../lib/:/usr/lib/gcc/x86_64-linux-gnu/9/../../../:/lib/:/usr/lib/
COLLECT_GCC_OPTIONS='-v' '-rdynamic' '-o' 'cmTC_d5a68' '-shared-libgcc' '-mtune=generic' '-march=x86-64'
 /usr/lib/gcc/x86_64-linux-gnu/9/collect2 -plugin /usr/lib/gcc/x86_64-linux-gnu/9/liblto_plugin.so -plugin-opt=/usr/lib/gcc/x86_64-linux-gnu/9/lto-wrapper -plugin-opt=-fresolution=/tmp/ccelrBIo.res -plugin-opt=-pass-through=-lgcc_s -plugin-opt=-pass-through=-lgcc -plugin-opt=-pass-through=-lc -plugin-opt=-pass-through=-lgcc_s -plugin-opt=-pass-through=-lgcc --build-id --eh-frame-hdr -m elf_x86_64 --hash-style=gnu --as-needed -export-dynamic -dynamic-linker /lib64/ld-linux-x86-64.so.2 -pie -z now -z relro -o cmTC_d5a68 /usr/lib/gcc/x86_64-linux-gnu/9/../../../x86_64-linux-gnu/Scrt1.o /usr/lib/gcc/x86_64-linux-gnu/9/../../../x86_64-linux-gnu/crti.o /usr/lib/gcc/x86_64-linux-gnu/9/crtbeginS.o -L/usr/lib/gcc/x86_64-linux-gnu/9 -L/usr/lib/gcc/x86_64-linux-gnu/9/../../../x86_64-linux-gnu -L/usr/lib/gcc/x86_64-linux-gnu/9/../../../../lib -L/lib/x86_64-linux-gnu -L/lib/../lib -L/usr/lib/x86_64-linux-gnu -L/usr/lib/../lib -L/usr/lib/gcc/x86_64-linux-gnu/9/../../.. CMakeFiles/cmTC_d5a68.dir/CMakeCXXCompilerABI.cpp.o -lstdc++ -lm -lgcc_s -lgcc -lc -lgcc_s -lgcc /usr/lib/gcc/x86_64-linux-gnu/9/crtendS.o /usr/lib/gcc/x86_64-linux-gnu/9/../../../x86_64-linux-gnu/crtn.o
COLLECT_GCC_OPTIONS='-v' '-rdynamic' '-o' 'cmTC_d5a68' '-shared-libgcc' '-mtune=generic' '-march=x86-64'
make[1]: Leaving directory '/home/cici/mongodb/mongo-c-driver-1.23.2/build/CMakeFiles/CMakeTmp'



Parsed CXX implicit include dir info from above output: rv=done
  found start of include info
  found start of implicit include info
    add: [/usr/include/c++/9]
    add: [/usr/include/x86_64-linux-gnu/c++/9]
    add: [/usr/include/c++/9/backward]
    add: [/usr/lib/gcc/x86_64-linux-gnu/9/include]
    add: [/usr/local/include]
    add: [/usr/include/x86_64-linux-gnu]
    add: [/usr/include]
  end of search list found
  collapse include dir [/usr/include/c++/9] ==> [/usr/include/c++/9]
  collapse include dir [/usr/include/x86_64-linux-gnu/c++/9] ==> [/usr/include/x86_64-linux-gnu/c++/9]
  collapse include dir [/usr/include/c++/9/backward] ==> [/usr/include/c++/9/backward]
  collapse include dir [/usr/lib/gcc/x86_64-linux-gnu/9/include] ==> [/usr/lib/gcc/x86_64-linux-gnu/9/include]
  collapse include dir [/usr/local/include] ==> [/usr/local/include]
  collapse include dir [/usr/include/x86_64-linux-gnu] ==> [/usr/include/x86_64-linux-gnu]
  collapse include dir [/usr/include] ==> [/usr/include]
  implicit include dirs: [/usr/include/c++/9;/usr/include/x86_64-linux-gnu/c++/9;/usr/include/c++/9/backward;/usr/lib/gcc/x86_64-linux-gnu/9/include;/usr/local/include;/usr/include/x86_64-linux-gnu;/usr/include]


Parsed CXX implicit link information from above output:
  link line regex: [^( *|.*[/\])(ld|CMAKE_LINK_STARTFILE-NOTFOUND|([^/\]+-)?ld|collect2)[^/\]*( |$)]
  ignore line: [Change Dir: /home/cici/mongodb/mongo-c-driver-1.23.2/build/CMakeFiles/CMakeTmp]
  ignore line: []
  ignore line: [Run Build Command(s):/usr/bin/make cmTC_d5a68/fast && /usr/bin/make -f CMakeFiles/cmTC_d5a68.dir/build.make CMakeFiles/cmTC_d5a68.dir/build]
  ignore line: [make[1]: Entering directory '/home/cici/mongodb/mongo-c-driver-1.23.2/build/CMakeFiles/CMakeTmp']
  ignore line: [Building CXX object CMakeFiles/cmTC_d5a68.dir/CMakeCXXCompilerABI.cpp.o]
  ignore line: [/usr/bin/c++    -v -o CMakeFiles/cmTC_d5a68.dir/CMakeCXXCompilerABI.cpp.o -c /usr/share/cmake-3.16/Modules/CMakeCXXCompilerABI.cpp]
  ignore line: [Using built-in specs.]
  ignore line: [COLLECT_GCC=/usr/bin/c++]
  ignore line: [OFFLOAD_TARGET_NAMES=nvptx-none:hsa]
  ignore line: [OFFLOAD_TARGET_DEFAULT=1]
  ignore line: [Target: x86_64-linux-gnu]
  ignore line: [Configured with: ../src/configure -v --with-pkgversion='Ubuntu 9.4.0-1ubuntu1~20.04.1' --with-bugurl=file:///usr/share/doc/gcc-9/README.Bugs --enable-languages=c ada c++ go brig d fortran objc obj-c++ gm2 --prefix=/usr --with-gcc-major-version-only --program-suffix=-9 --program-prefix=x86_64-linux-gnu- --enable-shared --enable-linker-build-id --libexecdir=/usr/lib --without-included-gettext --enable-threads=posix --libdir=/usr/lib --enable-nls --enable-clocale=gnu --enable-libstdcxx-debug --enable-libstdcxx-time=yes --with-default-libstdcxx-abi=new --enable-gnu-unique-object --disable-vtable-verify --enable-plugin --enable-default-pie --with-system-zlib --with-target-system-zlib=auto --enable-objc-gc=auto --enable-multiarch --disable-werror --with-arch-32=i686 --with-abi=m64 --with-multilib-list=m32 m64 mx32 --enable-multilib --with-tune=generic --enable-offload-targets=nvptx-none=/build/gcc-9-Av3uEd/gcc-9-9.4.0/debian/tmp-nvptx/usr hsa --without-cuda-driver --enable-checking=release --build=x86_64-linux-gnu --host=x86_64-linux-gnu --target=x86_64-linux-gnu]
  ignore line: [Thread model: posix]
  ignore line: [gcc version 9.4.0 (Ubuntu 9.4.0-1ubuntu1~20.04.1) ]
  ignore line: [COLLECT_GCC_OPTIONS='-v' '-o' 'CMakeFiles/cmTC_d5a68.dir/CMakeCXXCompilerABI.cpp.o' '-c' '-shared-libgcc' '-mtune=generic' '-march=x86-64']
  ignore line: [ /usr/lib/gcc/x86_64-linux-gnu/9/cc1plus -quiet -v -imultiarch x86_64-linux-gnu -D_GNU_SOURCE /usr/share/cmake-3.16/Modules/CMakeCXXCompilerABI.cpp -quiet -dumpbase CMakeCXXCompilerABI.cpp -mtune=generic -march=x86-64 -auxbase-strip CMakeFiles/cmTC_d5a68.dir/CMakeCXXCompilerABI.cpp.o -version -fasynchronous-unwind-tables -fstack-protector-strong -Wformat -Wformat-security -fstack-clash-protection -fcf-protection -o /tmp/ccXNrgC0.s]
  ignore line: [GNU C++14 (Ubuntu 9.4.0-1ubuntu1~20.04.1) version 9.4.0 (x86_64-linux-gnu)]
  ignore line: [	compiled by GNU C version 9.4.0  GMP version 6.2.0  MPFR version 4.0.2  MPC version 1.1.0  isl version isl-0.22.1-GMP]
  ignore line: []
  ignore line: [GGC heuristics: --param ggc-min-expand=100 --param ggc-min-heapsize=131072]
  ignore line: [ignoring duplicate directory "/usr/include/x86_64-linux-gnu/c++/9"]
  ignore line: [ignoring nonexistent directory "/usr/local/include/x86_64-linux-gnu"]
  ignore line: [ignoring nonexistent directory "/usr/lib/gcc/x86_64-linux-gnu/9/include-fixed"]
  ignore line: [ignoring nonexistent directory "/usr/lib/gcc/x86_64-linux-gnu/9/../../../../x86_64-linux-gnu/include"]
  ignore line: [#include "..." search starts here:]
  ignore line: [#include <...> search starts here:]
  ignore line: [ /usr/include/c++/9]
  ignore line: [ /usr/include/x86_64-linux-gnu/c++/9]
  ignore line: [ /usr/include/c++/9/backward]
  ignore line: [ /usr/lib/gcc/x86_64-linux-gnu/9/include]
  ignore line: [ /usr/local/include]
  ignore line: [ /usr/include/x86_64-linux-gnu]
  ignore line: [ /usr/include]
  ignore line: [End of search list.]
  ignore line: [GNU C++14 (Ubuntu 9.4.0-1ubuntu1~20.04.1) version 9.4.0 (x86_64-linux-gnu)]
  ignore line: [	compiled by GNU C version 9.4.0  GMP version 6.2.0  MPFR version 4.0.2  MPC version 1.1.0  isl version isl-0.22.1-GMP]
  ignore line: []
  ignore line: [GGC heuristics: --param ggc-min-expand=100 --param ggc-min-heapsize=131072]
  ignore line: [Compiler executable checksum: 65fe925b83d3956b533de4aaba7dace0]
  ignore line: [COLLECT_GCC_OPTIONS='-v' '-o' 'CMakeFiles/cmTC_d5a68.dir/CMakeCXXCompilerABI.cpp.o' '-c' '-shared-libgcc' '-mtune=generic' '-march=x86-64']
  ignore line: [ as -v --64 -o CMakeFiles/cmTC_d5a68.dir/CMakeCXXCompilerABI.cpp.o /tmp/ccXNrgC0.s]
  ignore line: [GNU assembler version 2.34 (x86_64-linux-gnu) using BFD version (GNU Binutils for Ubuntu) 2.34]
  ignore line: [COMPILER_PATH=/usr/lib/gcc/x86_64-linux-gnu/9/:/usr/lib/gcc/x86_64-linux-gnu/9/:/usr/lib/gcc/x86_64-linux-gnu/:/usr/lib/gcc/x86_64-linux-gnu/9/:/usr/lib/gcc/x86_64-linux-gnu/]
  ignore line: [LIBRARY_PATH=/usr/lib/gcc/x86_64-linux-gnu/9/:/usr/lib/gcc/x86_64-linux-gnu/9/../../../x86_64-linux-gnu/:/usr/lib/gcc/x86_64-linux-gnu/9/../../../../lib/:/lib/x86_64-linux-gnu/:/lib/../lib/:/usr/lib/x86_64-linux-gnu/:/usr/lib/../lib/:/usr/lib/gcc/x86_64-linux-gnu/9/../../../:/lib/:/usr/lib/]
  ignore line: [COLLECT_GCC_OPTIONS='-v' '-o' 'CMakeFiles/cmTC_d5a68.dir/CMakeCXXCompilerABI.cpp.o' '-c' '-shared-libgcc' '-mtune=generic' '-march=x86-64']
  ignore line: [Linking CXX executable cmTC_d5a68]
  ignore line: [/usr/bin/cmake -E cmake_link_script CMakeFiles/cmTC_d5a68.dir/link.txt --verbose=1]
  ignore line: [/usr/bin/c++      -v -rdynamic CMakeFiles/cmTC_d5a68.dir/CMakeCXXCompilerABI.cpp.o  -o cmTC_d5a68 ]
  ignore line: [Using built-in specs.]
  ignore line: [COLLECT_GCC=/usr/bin/c++]
  ignore line: [COLLECT_LTO_WRAPPER=/usr/lib/gcc/x86_64-linux-gnu/9/lto-wrapper]
  ignore line: [OFFLOAD_TARGET_NAMES=nvptx-none:hsa]
  ignore line: [OFFLOAD_TARGET_DEFAULT=1]
  ignore line: [Target: x86_64-linux-gnu]
  ignore line: [Configured with: ../src/configure -v --with-pkgversion='Ubuntu 9.4.0-1ubuntu1~20.04.1' --with-bugurl=file:///usr/share/doc/gcc-9/README.Bugs --enable-languages=c ada c++ go brig d fortran objc obj-c++ gm2 --prefix=/usr --with-gcc-major-version-only --program-suffix=-9 --program-prefix=x86_64-linux-gnu- --enable-shared --enable-linker-build-id --libexecdir=/usr/lib --without-included-gettext --enable-threads=posix --libdir=/usr/lib --enable-nls --enable-clocale=gnu --enable-libstdcxx-debug --enable-libstdcxx-time=yes --with-default-libstdcxx-abi=new --enable-gnu-unique-object --disable-vtable-verify --enable-plugin --enable-default-pie --with-system-zlib --with-target-system-zlib=auto --enable-objc-gc=auto --enable-multiarch --disable-werror --with-arch-32=i686 --with-abi=m64 --with-multilib-list=m32 m64 mx32 --enable-multilib --with-tune=generic --enable-offload-targets=nvptx-none=/build/gcc-9-Av3uEd/gcc-9-9.4.0/debian/tmp-nvptx/usr hsa --without-cuda-driver --enable-checking=release --build=x86_64-linux-gnu --host=x86_64-linux-gnu --target=x86_64-linux-gnu]
  ignore line: [Thread model: posix]
  ignore line: [gcc version 9.4.0 (Ubuntu 9.4.0-1ubuntu1~20.04.1) ]
  ignore line: [COMPILER_PATH=/usr/lib/gcc/x86_64-linux-gnu/9/:/usr/lib/gcc/x86_64-linux-gnu/9/:/usr/lib/gcc/x86_64-linux-gnu/:/usr/lib/gcc/x86_64-linux-gnu/9/:/usr/lib/gcc/x86_64-linux-gnu/]
  ignore line: [LIBRARY_PATH=/usr/lib/gcc/x86_64-linux-gnu/9/:/usr/lib/gcc/x86_64-linux-gnu/9/../../../x86_64-linux-gnu/:/usr/lib/gcc/x86_64-linux-gnu/9/../../../../lib/:/lib/x86_64-linux-gnu/:/lib/../lib/:/usr/lib/x86_64-linux-gnu/:/usr/lib/../lib/:/usr/lib/gcc/x86_64-linux-gnu/9/../../../:/lib/:/usr/lib/]
  ignore line: [COLLECT_GCC_OPTIONS='-v' '-rdynamic' '-o' 'cmTC_d5a68' '-shared-libgcc' '-mtune=generic' '-march=x86-64']
  link line: [ /usr/lib/gcc/x86_64-linux-gnu/9/collect2 -plugin /usr/lib/gcc/x86_64-linux-gnu/9/liblto_plugin.so -plugin-opt=/usr/lib/gcc/x86_64-linux-gnu/9/lto-wrapper -plugin-opt=-fresolution=/tmp/ccelrBIo.res -plugin-opt=-pass-through=-lgcc_s -plugin-opt=-pass-through=-lgcc -plugin-opt=-pass-through=-lc -plugin-opt=-pass-through=-lgcc_s -plugin-opt=-pass-through=-lgcc --build-id --eh-frame-hdr -m elf_x86_64 --hash-style=gnu --as-needed -export-dynamic -dynamic-linker /lib64/ld-linux-x86-64.so.2 -pie -z now -z relro -o cmTC_d5a68 /usr/lib/gcc/x86_64-linux-gnu/9/../../../x86_64-linux-gnu/Scrt1.o /usr/lib/gcc/x86_64-linux-gnu/9/../../../x86_64-linux-gnu/crti.o /usr/lib/gcc/x86_64-linux-gnu/9/crtbeginS.o -L/usr/lib/gcc/x86_64-linux-gnu/9 -L/usr/lib/gcc/x86_64-linux-gnu/9/../../../x86_64-linux-gnu -L/usr/lib/gcc/x86_64-linux-gnu/9/../../../../lib -L/lib/x86_64-linux-gnu -L/lib/../lib -L/usr/lib/x86_64-linux-gnu -L/usr/lib/../lib -L/usr/lib/gcc/x86_64-linux-gnu/9/../../.. CMakeFiles/cmTC_d5a68.dir/CMakeCXXCompilerABI.cpp.o -lstdc++ -lm -lgcc_s -lgcc -lc -lgcc_s -lgcc /usr/lib/gcc/x86_64-linux-gnu/9/crtendS.o /usr/lib/gcc/x86_64-linux-gnu/9/../../../x86_64-linux-gnu/crtn.o]
    arg [/usr/lib/gcc/x86_64-linux-gnu/9/collect2] ==> ignore
    arg [-plugin] ==> ignore
    arg [/usr/lib/gcc/x86_64-linux-gnu/9/liblto_plugin.so] ==> ignore
    arg [-plugin-opt=/usr/lib/gcc/x86_64-linux-gnu/9/lto-wrapper] ==> ignore
    arg [-plugin-opt=-fresolution=/tmp/ccelrBIo.res] ==> ignore
    arg [-plugin-opt=-pass-through=-lgcc_s] ==> ignore
    arg [-plugin-opt=-pass-through=-lgcc] ==> ignore
    arg [-plugin-opt=-pass-through=-lc] ==> ignore
    arg [-plugin-opt=-pass-through=-lgcc_s] ==> ignore
    arg [-plugin-opt=-pass-through=-lgcc] ==> ignore
    arg [--build-id] ==> ignore
    arg [--eh-frame-hdr] ==> ignore
    arg [-m] ==> ignore
    arg [elf_x86_64] ==> ignore
    arg [--hash-style=gnu] ==> ignore
    arg [--as-needed] ==> ignore
    arg [-export-dynamic] ==> ignore
    arg [-dynamic-linker] ==> ignore
    arg [/lib64/ld-linux-x86-64.so.2] ==> ignore
    arg [-pie] ==> ignore
    arg [-znow] ==> ignore
    arg [-zrelro] ==> ignore
    arg [-o] ==> ignore
    arg [cmTC_d5a68] ==> ignore
    arg [/usr/lib/gcc/x86_64-linux-gnu/9/../../../x86_64-linux-gnu/Scrt1.o] ==> ignore
    arg [/usr/lib/gcc/x86_64-linux-gnu/9/../../../x86_64-linux-gnu/crti.o] ==> ignore
    arg [/usr/lib/gcc/x86_64-linux-gnu/9/crtbeginS.o] ==> ignore
    arg [-L/usr/lib/gcc/x86_64-linux-gnu/9] ==> dir [/usr/lib/gcc/x86_64-linux-gnu/9]
    arg [-L/usr/lib/gcc/x86_64-linux-gnu/9/../../../x86_64-linux-gnu] ==> dir [/usr/lib/gcc/x86_64-linux-gnu/9/../../../x86_64-linux-gnu]
    arg [-L/usr/lib/gcc/x86_64-linux-gnu/9/../../../../lib] ==> dir [/usr/lib/gcc/x86_64-linux-gnu/9/../../../../lib]
    arg [-L/lib/x86_64-linux-gnu] ==> dir [/lib/x86_64-linux-gnu]
    arg [-L/lib/../lib] ==> dir [/lib/../lib]
    arg [-L/usr/lib/x86_64-linux-gnu] ==> dir [/usr/lib/x86_64-linux-gnu]
    arg [-L/usr/lib/../lib] ==> dir [/usr/lib/../lib]
    arg [-L/usr/lib/gcc/x86_64-linux-gnu/9/../../..] ==> dir [/usr/lib/gcc/x86_64-linux-gnu/9/../../..]
    arg [CMakeFiles/cmTC_d5a68.dir/CMakeCXXCompilerABI.cpp.o] ==> ignore
    arg [-lstdc++] ==> lib [stdc++]
    arg [-lm] ==> lib [m]
    arg [-lgcc_s] ==> lib [gcc_s]
    arg [-lgcc] ==> lib [gcc]
    arg [-lc] ==> lib [c]
    arg [-lgcc_s] ==> lib [gcc_s]
    arg [-lgcc] ==> lib [gcc]
    arg [/usr/lib/gcc/x86_64-linux-gnu/9/crtendS.o] ==> ignore
    arg [/usr/lib/gcc/x86_64-linux-gnu/9/../../../x86_64-linux-gnu/crtn.o] ==> ignore
  collapse library dir [/usr/lib/gcc/x86_64-linux-gnu/9] ==> [/usr/lib/gcc/x86_64-linux-gnu/9]
  collapse library dir [/usr/lib/gcc/x86_64-linux-gnu/9/../../../x86_64-linux-gnu] ==> [/usr/lib/x86_64-linux-gnu]
  collapse library dir [/usr/lib/gcc/x86_64-linux-gnu/9/../../../../lib] ==> [/usr/lib]
  collapse library dir [/lib/x86_64-linux-gnu] ==> [/lib/x86_64-linux-gnu]
  collapse library dir [/lib/../lib] ==> [/lib]
  collapse library dir [/usr/lib/x86_64-linux-gnu] ==> [/usr/lib/x86_64-linux-gnu]
  collapse library dir [/usr/lib/../lib] ==> [/usr/lib]
  collapse library dir [/usr/lib/gcc/x86_64-linux-gnu/9/../../..] ==> [/usr/lib]
  implicit libs: [stdc++;m;gcc_s;gcc;c;gcc_s;gcc]
  implicit dirs: [/usr/lib/gcc/x86_64-linux-gnu/9;/usr/lib/x86_64-linux-gnu;/usr/lib;/lib/x86_64-linux-gnu;/lib]
  implicit fwks: []


Determining if the include file sys/types.h exists passed with the following output:
Change Dir: /home/cici/mongodb/mongo-c-driver-1.23.2/build/CMakeFiles/CMakeTmp

Run Build Command(s):/usr/bin/make cmTC_552a7/fast && /usr/bin/make -f CMakeFiles/cmTC_552a7.dir/build.make CMakeFiles/cmTC_552a7.dir/build
make[1]: Entering directory '/home/cici/mongodb/mongo-c-driver-1.23.2/build/CMakeFiles/CMakeTmp'
Building C object CMakeFiles/cmTC_552a7.dir/CheckIncludeFile.c.o
/usr/bin/cc -D_BSD_SOURCE -D_DEFAULT_SOURCE -D_XOPEN_SOURCE=700   -o CMakeFiles/cmTC_552a7.dir/CheckIncludeFile.c.o   -c /home/cici/mongodb/mongo-c-driver-1.23.2/build/CMakeFiles/CMakeTmp/CheckIncludeFile.c
Linking C executable cmTC_552a7
/usr/bin/cmake -E cmake_link_script CMakeFiles/cmTC_552a7.dir/link.txt --verbose=1
/usr/bin/cc      -rdynamic CMakeFiles/cmTC_552a7.dir/CheckIncludeFile.c.o  -o cmTC_552a7 
make[1]: Leaving directory '/home/cici/mongodb/mongo-c-driver-1.23.2/build/CMakeFiles/CMakeTmp'



Determining if the include file stdint.h exists passed with the following output:
Change Dir: /home/cici/mongodb/mongo-c-driver-1.23.2/build/CMakeFiles/CMakeTmp

Run Build Command(s):/usr/bin/make cmTC_ad362/fast && /usr/bin/make -f CMakeFiles/cmTC_ad362.dir/build.make CMakeFiles/cmTC_ad362.dir/build
make[1]: Entering directory '/home/cici/mongodb/mongo-c-driver-1.23.2/build/CMakeFiles/CMakeTmp'
Building C object CMakeFiles/cmTC_ad362.dir/CheckIncludeFile.c.o
/usr/bin/cc -D_BSD_SOURCE -D_DEFAULT_SOURCE -D_XOPEN_SOURCE=700   -o CMakeFiles/cmTC_ad362.dir/CheckIncludeFile.c.o   -c /home/cici/mongodb/mongo-c-driver-1.23.2/build/CMakeFiles/CMakeTmp/CheckIncludeFile.c
Linking C executable cmTC_ad362
/usr/bin/cmake -E cmake_link_script CMakeFiles/cmTC_ad362.dir/link.txt --verbose=1
/usr/bin/cc      -rdynamic CMakeFiles/cmTC_ad362.dir/CheckIncludeFile.c.o  -o cmTC_ad362 
make[1]: Leaving directory '/home/cici/mongodb/mongo-c-driver-1.23.2/build/CMakeFiles/CMakeTmp'



Determining if the include file stddef.h exists passed with the following output:
Change Dir: /home/cici/mongodb/mongo-c-driver-1.23.2/build/CMakeFiles/CMakeTmp

Run Build Command(s):/usr/bin/make cmTC_f1969/fast && /usr/bin/make -f CMakeFiles/cmTC_f1969.dir/build.make CMakeFiles/cmTC_f1969.dir/build
make[1]: Entering directory '/home/cici/mongodb/mongo-c-driver-1.23.2/build/CMakeFiles/CMakeTmp'
Building C object CMakeFiles/cmTC_f1969.dir/CheckIncludeFile.c.o
/usr/bin/cc -D_BSD_SOURCE -D_DEFAULT_SOURCE -D_XOPEN_SOURCE=700   -o CMakeFiles/cmTC_f1969.dir/CheckIncludeFile.c.o   -c /home/cici/mongodb/mongo-c-driver-1.23.2/build/CMakeFiles/CMakeTmp/CheckIncludeFile.c
Linking C executable cmTC_f1969
/usr/bin/cmake -E cmake_link_script CMakeFiles/cmTC_f1969.dir/link.txt --verbose=1
/usr/bin/cc      -rdynamic CMakeFiles/cmTC_f1969.dir/CheckIncludeFile.c.o  -o cmTC_f1969 
make[1]: Leaving directory '/home/cici/mongodb/mongo-c-driver-1.23.2/build/CMakeFiles/CMakeTmp'



Determining size of unsigned short passed with the following output:
Change Dir: /home/cici/mongodb/mongo-c-driver-1.23.2/build/CMakeFiles/CMakeTmp

Run Build Command(s):/usr/bin/make cmTC_681c6/fast && /usr/bin/make -f CMakeFiles/cmTC_681c6.dir/build.make CMakeFiles/cmTC_681c6.dir/build
make[1]: Entering directory '/home/cici/mongodb/mongo-c-driver-1.23.2/build/CMakeFiles/CMakeTmp'
Building C object CMakeFiles/cmTC_681c6.dir/CMAKE_SIZEOF_UNSIGNED_SHORT.c.o
/usr/bin/cc -D_BSD_SOURCE -D_DEFAULT_SOURCE -D_XOPEN_SOURCE=700   -o CMakeFiles/cmTC_681c6.dir/CMAKE_SIZEOF_UNSIGNED_SHORT.c.o   -c /home/cici/mongodb/mongo-c-driver-1.23.2/build/CMakeFiles/CheckTypeSize/CMAKE_SIZEOF_UNSIGNED_SHORT.c
Linking C executable cmTC_681c6
/usr/bin/cmake -E cmake_link_script CMakeFiles/cmTC_681c6.dir/link.txt --verbose=1
/usr/bin/cc      -rdynamic CMakeFiles/cmTC_681c6.dir/CMAKE_SIZEOF_UNSIGNED_SHORT.c.o  -o cmTC_681c6 
make[1]: Leaving directory '/home/cici/mongodb/mongo-c-driver-1.23.2/build/CMakeFiles/CMakeTmp'



Determining if the system is big endian passed with the following output:
Change Dir: /home/cici/mongodb/mongo-c-driver-1.23.2/build/CMakeFiles/CMakeTmp

Run Build Command(s):/usr/bin/make cmTC_88ad4/fast && /usr/bin/make -f CMakeFiles/cmTC_88ad4.dir/build.make CMakeFiles/cmTC_88ad4.dir/build
make[1]: Entering directory '/home/cici/mongodb/mongo-c-driver-1.23.2/build/CMakeFiles/CMakeTmp'
Building C object CMakeFiles/cmTC_88ad4.dir/TestEndianess.c.o
/usr/bin/cc    -o CMakeFiles/cmTC_88ad4.dir/TestEndianess.c.o   -c /home/cici/mongodb/mongo-c-driver-1.23.2/build/CMakeFiles/CMakeTmp/TestEndianess.c
Linking C executable cmTC_88ad4
/usr/bin/cmake -E cmake_link_script CMakeFiles/cmTC_88ad4.dir/link.txt --verbose=1
/usr/bin/cc      -rdynamic CMakeFiles/cmTC_88ad4.dir/TestEndianess.c.o  -o cmTC_88ad4 
make[1]: Leaving directory '/home/cici/mongodb/mongo-c-driver-1.23.2/build/CMakeFiles/CMakeTmp'


TestEndianess.c:
/* A 16 bit integer is required. */
typedef unsigned short cmakeint16;

/* On a little endian machine, these 16bit ints will give "THIS IS LITTLE ENDIAN."
   On a big endian machine the characters will be exchanged pairwise. */
const cmakeint16 info_little[] =  {0x4854, 0x5349, 0x4920, 0x2053, 0x494c, 0x5454, 0x454c, 0x4520, 0x444e, 0x4149, 0x2e4e, 0x0000};

/* on a big endian machine, these 16bit ints will give "THIS IS BIG ENDIAN."
   On a little endian machine the characters will be exchanged pairwise. */
const cmakeint16 info_big[] =     {0x5448, 0x4953, 0x2049, 0x5320, 0x4249, 0x4720, 0x454e, 0x4449, 0x414e, 0x2e2e, 0x0000};

#ifdef __CLASSIC_C__
int main(argc, argv) int argc; char *argv[];
#else
int main(int argc, char *argv[])
#endif
{
  int require = 0;
  require += info_little[argc];
  require += info_big[argc];
  (void)argv;
  return require;
}


Determining if the snprintf exist passed with the following output:
Change Dir: /home/cici/mongodb/mongo-c-driver-1.23.2/build/CMakeFiles/CMakeTmp

Run Build Command(s):/usr/bin/make cmTC_8d42a/fast && /usr/bin/make -f CMakeFiles/cmTC_8d42a.dir/build.make CMakeFiles/cmTC_8d42a.dir/build
make[1]: Entering directory '/home/cici/mongodb/mongo-c-driver-1.23.2/build/CMakeFiles/CMakeTmp'
Building C object CMakeFiles/cmTC_8d42a.dir/CheckSymbolExists.c.o
/usr/bin/cc -D_BSD_SOURCE -D_DEFAULT_SOURCE -D_XOPEN_SOURCE=700   -o CMakeFiles/cmTC_8d42a.dir/CheckSymbolExists.c.o   -c /home/cici/mongodb/mongo-c-driver-1.23.2/build/CMakeFiles/CMakeTmp/CheckSymbolExists.c
Linking C executable cmTC_8d42a
/usr/bin/cmake -E cmake_link_script CMakeFiles/cmTC_8d42a.dir/link.txt --verbose=1
/usr/bin/cc      -rdynamic CMakeFiles/cmTC_8d42a.dir/CheckSymbolExists.c.o  -o cmTC_8d42a  /usr/lib/x86_64-linux-gnu/librt.so 
make[1]: Leaving directory '/home/cici/mongodb/mongo-c-driver-1.23.2/build/CMakeFiles/CMakeTmp'


File /home/cici/mongodb/mongo-c-driver-1.23.2/build/CMakeFiles/CMakeTmp/CheckSymbolExists.c:
/* */
#include <stdio.h>

int main(int argc, char** argv)
{
  (void)argv;
#ifndef snprintf
  return ((int*)(&snprintf))[argc];
#else
  (void)argc;
  return 0;
#endif
}
Performing C SOURCE FILE Test BSON_HAVE_TIMESPEC succeeded with the following output:
Change Dir: /home/cici/mongodb/mongo-c-driver-1.23.2/build/CMakeFiles/CMakeTmp

Run Build Command(s):/usr/bin/make cmTC_0ef7c/fast && /usr/bin/make -f CMakeFiles/cmTC_0ef7c.dir/build.make CMakeFiles/cmTC_0ef7c.dir/build
make[1]: Entering directory '/home/cici/mongodb/mongo-c-driver-1.23.2/build/CMakeFiles/CMakeTmp'
Building C object CMakeFiles/cmTC_0ef7c.dir/src.c.o
/usr/bin/cc -D_BSD_SOURCE -D_DEFAULT_SOURCE -D_XOPEN_SOURCE=700  -DBSON_HAVE_TIMESPEC   -o CMakeFiles/cmTC_0ef7c.dir/src.c.o   -c /home/cici/mongodb/mongo-c-driver-1.23.2/build/CMakeFiles/CMakeTmp/src.c
Linking C executable cmTC_0ef7c
/usr/bin/cmake -E cmake_link_script CMakeFiles/cmTC_0ef7c.dir/link.txt --verbose=1
/usr/bin/cc  -DBSON_HAVE_TIMESPEC    -rdynamic CMakeFiles/cmTC_0ef7c.dir/src.c.o  -o cmTC_0ef7c  /usr/lib/x86_64-linux-gnu/librt.so 
make[1]: Leaving directory '/home/cici/mongodb/mongo-c-driver-1.23.2/build/CMakeFiles/CMakeTmp'


Source file was:

#include <time.h>

int main()
{
  (void)sizeof(((struct timespec *)0)->tv_sec);
  return 0;
}

Determining if the gmtime_r exist passed with the following output:
Change Dir: /home/cici/mongodb/mongo-c-driver-1.23.2/build/CMakeFiles/CMakeTmp

Run Build Command(s):/usr/bin/make cmTC_0bff0/fast && /usr/bin/make -f CMakeFiles/cmTC_0bff0.dir/build.make CMakeFiles/cmTC_0bff0.dir/build
make[1]: Entering directory '/home/cici/mongodb/mongo-c-driver-1.23.2/build/CMakeFiles/CMakeTmp'
Building C object CMakeFiles/cmTC_0bff0.dir/CheckSymbolExists.c.o
/usr/bin/cc -D_BSD_SOURCE -D_DEFAULT_SOURCE -D_XOPEN_SOURCE=700   -o CMakeFiles/cmTC_0bff0.dir/CheckSymbolExists.c.o   -c /home/cici/mongodb/mongo-c-driver-1.23.2/build/CMakeFiles/CMakeTmp/CheckSymbolExists.c
Linking C executable cmTC_0bff0
/usr/bin/cmake -E cmake_link_script CMakeFiles/cmTC_0bff0.dir/link.txt --verbose=1
/usr/bin/cc      -rdynamic CMakeFiles/cmTC_0bff0.dir/CheckSymbolExists.c.o  -o cmTC_0bff0  /usr/lib/x86_64-linux-gnu/librt.so 
make[1]: Leaving directory '/home/cici/mongodb/mongo-c-driver-1.23.2/build/CMakeFiles/CMakeTmp'


File /home/cici/mongodb/mongo-c-driver-1.23.2/build/CMakeFiles/CMakeTmp/CheckSymbolExists.c:
/* */
#include <time.h>

int main(int argc, char** argv)
{
  (void)argv;
#ifndef gmtime_r
  return ((int*)(&gmtime_r))[argc];
#else
  (void)argc;
  return 0;
#endif
}
Determining if the function rand_r exists passed with the following output:
Change Dir: /home/cici/mongodb/mongo-c-driver-1.23.2/build/CMakeFiles/CMakeTmp

Run Build Command(s):/usr/bin/make cmTC_594eb/fast && /usr/bin/make -f CMakeFiles/cmTC_594eb.dir/build.make CMakeFiles/cmTC_594eb.dir/build
make[1]: Entering directory '/home/cici/mongodb/mongo-c-driver-1.23.2/build/CMakeFiles/CMakeTmp'
Building C object CMakeFiles/cmTC_594eb.dir/CheckFunctionExists.c.o
/usr/bin/cc -D_BSD_SOURCE -D_DEFAULT_SOURCE -D_XOPEN_SOURCE=700  -DCHECK_FUNCTION_EXISTS=rand_r   -o CMakeFiles/cmTC_594eb.dir/CheckFunctionExists.c.o   -c /usr/share/cmake-3.16/Modules/CheckFunctionExists.c
Linking C executable cmTC_594eb
/usr/bin/cmake -E cmake_link_script CMakeFiles/cmTC_594eb.dir/link.txt --verbose=1
/usr/bin/cc  -DCHECK_FUNCTION_EXISTS=rand_r    -rdynamic CMakeFiles/cmTC_594eb.dir/CheckFunctionExists.c.o  -o cmTC_594eb  /usr/lib/x86_64-linux-gnu/librt.so 
make[1]: Leaving directory '/home/cici/mongodb/mongo-c-driver-1.23.2/build/CMakeFiles/CMakeTmp'



Determining if the include file strings.h exists passed with the following output:
Change Dir: /home/cici/mongodb/mongo-c-driver-1.23.2/build/CMakeFiles/CMakeTmp

Run Build Command(s):/usr/bin/make cmTC_bee95/fast && /usr/bin/make -f CMakeFiles/cmTC_bee95.dir/build.make CMakeFiles/cmTC_bee95.dir/build
make[1]: Entering directory '/home/cici/mongodb/mongo-c-driver-1.23.2/build/CMakeFiles/CMakeTmp'
Building C object CMakeFiles/cmTC_bee95.dir/CheckIncludeFile.c.o
/usr/bin/cc -D_BSD_SOURCE -D_DEFAULT_SOURCE -D_XOPEN_SOURCE=700   -o CMakeFiles/cmTC_bee95.dir/CheckIncludeFile.c.o   -c /home/cici/mongodb/mongo-c-driver-1.23.2/build/CMakeFiles/CMakeTmp/CheckIncludeFile.c
Linking C executable cmTC_bee95
/usr/bin/cmake -E cmake_link_script CMakeFiles/cmTC_bee95.dir/link.txt --verbose=1
/usr/bin/cc      -rdynamic CMakeFiles/cmTC_bee95.dir/CheckIncludeFile.c.o  -o cmTC_bee95 
make[1]: Leaving directory '/home/cici/mongodb/mongo-c-driver-1.23.2/build/CMakeFiles/CMakeTmp'



Determining if the include file stdbool.h exists passed with the following output:
Change Dir: /home/cici/mongodb/mongo-c-driver-1.23.2/build/CMakeFiles/CMakeTmp

Run Build Command(s):/usr/bin/make cmTC_a7f5a/fast && /usr/bin/make -f CMakeFiles/cmTC_a7f5a.dir/build.make CMakeFiles/cmTC_a7f5a.dir/build
make[1]: Entering directory '/home/cici/mongodb/mongo-c-driver-1.23.2/build/CMakeFiles/CMakeTmp'
Building C object CMakeFiles/cmTC_a7f5a.dir/CheckIncludeFile.c.o
/usr/bin/cc -D_BSD_SOURCE -D_DEFAULT_SOURCE -D_XOPEN_SOURCE=700   -o CMakeFiles/cmTC_a7f5a.dir/CheckIncludeFile.c.o   -c /home/cici/mongodb/mongo-c-driver-1.23.2/build/CMakeFiles/CMakeTmp/CheckIncludeFile.c
Linking C executable cmTC_a7f5a
/usr/bin/cmake -E cmake_link_script CMakeFiles/cmTC_a7f5a.dir/link.txt --verbose=1
/usr/bin/cc      -rdynamic CMakeFiles/cmTC_a7f5a.dir/CheckIncludeFile.c.o  -o cmTC_a7f5a 
make[1]: Leaving directory '/home/cici/mongodb/mongo-c-driver-1.23.2/build/CMakeFiles/CMakeTmp'



Determining if the clock_gettime exist passed with the following output:
Change Dir: /home/cici/mongodb/mongo-c-driver-1.23.2/build/CMakeFiles/CMakeTmp

Run Build Command(s):/usr/bin/make cmTC_e59ab/fast && /usr/bin/make -f CMakeFiles/cmTC_e59ab.dir/build.make CMakeFiles/cmTC_e59ab.dir/build
make[1]: Entering directory '/home/cici/mongodb/mongo-c-driver-1.23.2/build/CMakeFiles/CMakeTmp'
Building C object CMakeFiles/cmTC_e59ab.dir/CheckSymbolExists.c.o
/usr/bin/cc -D_BSD_SOURCE -D_DEFAULT_SOURCE -D_XOPEN_SOURCE=700   -o CMakeFiles/cmTC_e59ab.dir/CheckSymbolExists.c.o   -c /home/cici/mongodb/mongo-c-driver-1.23.2/build/CMakeFiles/CMakeTmp/CheckSymbolExists.c
Linking C executable cmTC_e59ab
/usr/bin/cmake -E cmake_link_script CMakeFiles/cmTC_e59ab.dir/link.txt --verbose=1
/usr/bin/cc      -rdynamic CMakeFiles/cmTC_e59ab.dir/CheckSymbolExists.c.o  -o cmTC_e59ab  /usr/lib/x86_64-linux-gnu/librt.so 
make[1]: Leaving directory '/home/cici/mongodb/mongo-c-driver-1.23.2/build/CMakeFiles/CMakeTmp'


File /home/cici/mongodb/mongo-c-driver-1.23.2/build/CMakeFiles/CMakeTmp/CheckSymbolExists.c:
/* */
#include <time.h>

int main(int argc, char** argv)
{
  (void)argv;
#ifndef clock_gettime
  return ((int*)(&clock_gettime))[argc];
#else
  (void)argc;
  return 0;
#endif
}
Determining if the strnlen exist passed with the following output:
Change Dir: /home/cici/mongodb/mongo-c-driver-1.23.2/build/CMakeFiles/CMakeTmp

Run Build Command(s):/usr/bin/make cmTC_c3f4a/fast && /usr/bin/make -f CMakeFiles/cmTC_c3f4a.dir/build.make CMakeFiles/cmTC_c3f4a.dir/build
make[1]: Entering directory '/home/cici/mongodb/mongo-c-driver-1.23.2/build/CMakeFiles/CMakeTmp'
Building C object CMakeFiles/cmTC_c3f4a.dir/CheckSymbolExists.c.o
/usr/bin/cc -D_BSD_SOURCE -D_DEFAULT_SOURCE -D_XOPEN_SOURCE=700   -o CMakeFiles/cmTC_c3f4a.dir/CheckSymbolExists.c.o   -c /home/cici/mongodb/mongo-c-driver-1.23.2/build/CMakeFiles/CMakeTmp/CheckSymbolExists.c
Linking C executable cmTC_c3f4a
/usr/bin/cmake -E cmake_link_script CMakeFiles/cmTC_c3f4a.dir/link.txt --verbose=1
/usr/bin/cc      -rdynamic CMakeFiles/cmTC_c3f4a.dir/CheckSymbolExists.c.o  -o cmTC_c3f4a  /usr/lib/x86_64-linux-gnu/librt.so 
make[1]: Leaving directory '/home/cici/mongodb/mongo-c-driver-1.23.2/build/CMakeFiles/CMakeTmp'


File /home/cici/mongodb/mongo-c-driver-1.23.2/build/CMakeFiles/CMakeTmp/CheckSymbolExists.c:
/* */
#include <string.h>

int main(int argc, char** argv)
{
  (void)argv;
#ifndef strnlen
  return ((int*)(&strnlen))[argc];
#else
  (void)argc;
  return 0;
#endif
}
Determining if the include file pthread.h exists passed with the following output:
Change Dir: /home/cici/mongodb/mongo-c-driver-1.23.2/build/CMakeFiles/CMakeTmp

Run Build Command(s):/usr/bin/make cmTC_2a63e/fast && /usr/bin/make -f CMakeFiles/cmTC_2a63e.dir/build.make CMakeFiles/cmTC_2a63e.dir/build
make[1]: Entering directory '/home/cici/mongodb/mongo-c-driver-1.23.2/build/CMakeFiles/CMakeTmp'
Building C object CMakeFiles/cmTC_2a63e.dir/CheckIncludeFile.c.o
/usr/bin/cc -D_BSD_SOURCE -D_DEFAULT_SOURCE -D_XOPEN_SOURCE=700   -o CMakeFiles/cmTC_2a63e.dir/CheckIncludeFile.c.o   -c /home/cici/mongodb/mongo-c-driver-1.23.2/build/CMakeFiles/CMakeTmp/CheckIncludeFile.c
Linking C executable cmTC_2a63e
/usr/bin/cmake -E cmake_link_script CMakeFiles/cmTC_2a63e.dir/link.txt --verbose=1
/usr/bin/cc      -rdynamic CMakeFiles/cmTC_2a63e.dir/CheckIncludeFile.c.o  -o cmTC_2a63e 
make[1]: Leaving directory '/home/cici/mongodb/mongo-c-driver-1.23.2/build/CMakeFiles/CMakeTmp'



Determining if files unistd.h exist passed with the following output:
Change Dir: /home/cici/mongodb/mongo-c-driver-1.23.2/build/CMakeFiles/CMakeTmp

Run Build Command(s):/usr/bin/make cmTC_7e2fa/fast && /usr/bin/make -f CMakeFiles/cmTC_7e2fa.dir/build.make CMakeFiles/cmTC_7e2fa.dir/build
make[1]: Entering directory '/home/cici/mongodb/mongo-c-driver-1.23.2/build/CMakeFiles/CMakeTmp'
Building C object CMakeFiles/cmTC_7e2fa.dir/HAVE_UNISTD_H.c.o
/usr/bin/cc -D_BSD_SOURCE -D_DEFAULT_SOURCE -D_XOPEN_SOURCE=700   -o CMakeFiles/cmTC_7e2fa.dir/HAVE_UNISTD_H.c.o   -c /home/cici/mongodb/mongo-c-driver-1.23.2/build/CMakeFiles/CheckIncludeFiles/HAVE_UNISTD_H.c
Linking C executable cmTC_7e2fa
/usr/bin/cmake -E cmake_link_script CMakeFiles/cmTC_7e2fa.dir/link.txt --verbose=1
/usr/bin/cc      -rdynamic CMakeFiles/cmTC_7e2fa.dir/HAVE_UNISTD_H.c.o  -o cmTC_7e2fa 
make[1]: Leaving directory '/home/cici/mongodb/mongo-c-driver-1.23.2/build/CMakeFiles/CMakeTmp'



Determining if files stdarg.h exist passed with the following output:
Change Dir: /home/cici/mongodb/mongo-c-driver-1.23.2/build/CMakeFiles/CMakeTmp

Run Build Command(s):/usr/bin/make cmTC_3a236/fast && /usr/bin/make -f CMakeFiles/cmTC_3a236.dir/build.make CMakeFiles/cmTC_3a236.dir/build
make[1]: Entering directory '/home/cici/mongodb/mongo-c-driver-1.23.2/build/CMakeFiles/CMakeTmp'
Building C object CMakeFiles/cmTC_3a236.dir/HAVE_STDARG_H.c.o
/usr/bin/cc -D_BSD_SOURCE -D_DEFAULT_SOURCE -D_XOPEN_SOURCE=700   -o CMakeFiles/cmTC_3a236.dir/HAVE_STDARG_H.c.o   -c /home/cici/mongodb/mongo-c-driver-1.23.2/build/CMakeFiles/CheckIncludeFiles/HAVE_STDARG_H.c
Linking C executable cmTC_3a236
/usr/bin/cmake -E cmake_link_script CMakeFiles/cmTC_3a236.dir/link.txt --verbose=1
/usr/bin/cc      -rdynamic CMakeFiles/cmTC_3a236.dir/HAVE_STDARG_H.c.o  -o cmTC_3a236 
make[1]: Leaving directory '/home/cici/mongodb/mongo-c-driver-1.23.2/build/CMakeFiles/CMakeTmp'



Determining if the function ASN1_STRING_get0_data exists in the /usr/lib/x86_64-linux-gnu/libcrypto.so passed with the following output:
Change Dir: /home/cici/mongodb/mongo-c-driver-1.23.2/build/CMakeFiles/CMakeTmp

Run Build Command(s):/usr/bin/make cmTC_c34cc/fast && /usr/bin/make -f CMakeFiles/cmTC_c34cc.dir/build.make CMakeFiles/cmTC_c34cc.dir/build
make[1]: Entering directory '/home/cici/mongodb/mongo-c-driver-1.23.2/build/CMakeFiles/CMakeTmp'
Building C object CMakeFiles/cmTC_c34cc.dir/CheckFunctionExists.c.o
/usr/bin/cc -D_BSD_SOURCE -D_DEFAULT_SOURCE -D_XOPEN_SOURCE=700  -DCHECK_FUNCTION_EXISTS=ASN1_STRING_get0_data   -o CMakeFiles/cmTC_c34cc.dir/CheckFunctionExists.c.o   -c /usr/share/cmake-3.16/Modules/CheckFunctionExists.c
Linking C executable cmTC_c34cc
/usr/bin/cmake -E cmake_link_script CMakeFiles/cmTC_c34cc.dir/link.txt --verbose=1
/usr/bin/cc  -DCHECK_FUNCTION_EXISTS=ASN1_STRING_get0_data    -rdynamic CMakeFiles/cmTC_c34cc.dir/CheckFunctionExists.c.o  -o cmTC_c34cc   -L/home/cici/mongodb/mongo-c-driver-1.23.2/build/CMakeFiles/CMakeTmp/openssl/asn1.h  -Wl,-rpath,/home/cici/mongodb/mongo-c-driver-1.23.2/build/CMakeFiles/CMakeTmp/openssl/asn1.h /usr/lib/x86_64-linux-gnu/libcrypto.so 
make[1]: Leaving directory '/home/cici/mongodb/mongo-c-driver-1.23.2/build/CMakeFiles/CMakeTmp'



Determining if the sasl_client_done exist passed with the following output:
Change Dir: /home/cici/mongodb/mongo-c-driver-1.23.2/build/CMakeFiles/CMakeTmp

Run Build Command(s):/usr/bin/make cmTC_62a8d/fast && /usr/bin/make -f CMakeFiles/cmTC_62a8d.dir/build.make CMakeFiles/cmTC_62a8d.dir/build
make[1]: Entering directory '/home/cici/mongodb/mongo-c-driver-1.23.2/build/CMakeFiles/CMakeTmp'
Building C object CMakeFiles/cmTC_62a8d.dir/CheckSymbolExists.c.o
/usr/bin/cc -D_BSD_SOURCE -D_DEFAULT_SOURCE -D_XOPEN_SOURCE=700   -o CMakeFiles/cmTC_62a8d.dir/CheckSymbolExists.c.o   -c /home/cici/mongodb/mongo-c-driver-1.23.2/build/CMakeFiles/CMakeTmp/CheckSymbolExists.c
Linking C executable cmTC_62a8d
/usr/bin/cmake -E cmake_link_script CMakeFiles/cmTC_62a8d.dir/link.txt --verbose=1
/usr/bin/cc      -rdynamic CMakeFiles/cmTC_62a8d.dir/CheckSymbolExists.c.o  -o cmTC_62a8d  /usr/lib/x86_64-linux-gnu/libsasl2.so 
make[1]: Leaving directory '/home/cici/mongodb/mongo-c-driver-1.23.2/build/CMakeFiles/CMakeTmp'


File /home/cici/mongodb/mongo-c-driver-1.23.2/build/CMakeFiles/CMakeTmp/CheckSymbolExists.c:
/* */
#include <sasl/sasl.h>

int main(int argc, char** argv)
{
  (void)argv;
#ifndef sasl_client_done
  return ((int*)(&sasl_client_done))[argc];
#else
  (void)argc;
  return 0;
#endif
}
Determining size of socklen_t passed with the following output:
Change Dir: /home/cici/mongodb/mongo-c-driver-1.23.2/build/CMakeFiles/CMakeTmp

Run Build Command(s):/usr/bin/make cmTC_69c84/fast && /usr/bin/make -f CMakeFiles/cmTC_69c84.dir/build.make CMakeFiles/cmTC_69c84.dir/build
make[1]: Entering directory '/home/cici/mongodb/mongo-c-driver-1.23.2/build/CMakeFiles/CMakeTmp'
Building C object CMakeFiles/cmTC_69c84.dir/HAVE_SOCKLEN.c.o
/usr/bin/cc -D_BSD_SOURCE -D_DEFAULT_SOURCE -D_XOPEN_SOURCE=700   -o CMakeFiles/cmTC_69c84.dir/HAVE_SOCKLEN.c.o   -c /home/cici/mongodb/mongo-c-driver-1.23.2/build/CMakeFiles/CheckTypeSize/HAVE_SOCKLEN.c
Linking C executable cmTC_69c84
/usr/bin/cmake -E cmake_link_script CMakeFiles/cmTC_69c84.dir/link.txt --verbose=1
/usr/bin/cc      -rdynamic CMakeFiles/cmTC_69c84.dir/HAVE_SOCKLEN.c.o  -o cmTC_69c84 
make[1]: Leaving directory '/home/cici/mongodb/mongo-c-driver-1.23.2/build/CMakeFiles/CMakeTmp'



Determining if the res_nsearch exist passed with the following output:
Change Dir: /home/cici/mongodb/mongo-c-driver-1.23.2/build/CMakeFiles/CMakeTmp

Run Build Command(s):/usr/bin/make cmTC_0d10e/fast && /usr/bin/make -f CMakeFiles/cmTC_0d10e.dir/build.make CMakeFiles/cmTC_0d10e.dir/build
make[1]: Entering directory '/home/cici/mongodb/mongo-c-driver-1.23.2/build/CMakeFiles/CMakeTmp'
Building C object CMakeFiles/cmTC_0d10e.dir/CheckSymbolExists.c.o
/usr/bin/cc -D_BSD_SOURCE -D_DEFAULT_SOURCE -D_XOPEN_SOURCE=700   -o CMakeFiles/cmTC_0d10e.dir/CheckSymbolExists.c.o   -c /home/cici/mongodb/mongo-c-driver-1.23.2/build/CMakeFiles/CMakeTmp/CheckSymbolExists.c
Linking C executable cmTC_0d10e
/usr/bin/cmake -E cmake_link_script CMakeFiles/cmTC_0d10e.dir/link.txt --verbose=1
/usr/bin/cc      -rdynamic CMakeFiles/cmTC_0d10e.dir/CheckSymbolExists.c.o  -o cmTC_0d10e 
make[1]: Leaving directory '/home/cici/mongodb/mongo-c-driver-1.23.2/build/CMakeFiles/CMakeTmp'


File /home/cici/mongodb/mongo-c-driver-1.23.2/build/CMakeFiles/CMakeTmp/CheckSymbolExists.c:
/* */
#include <resolv.h>

int main(int argc, char** argv)
{
  (void)argv;
#ifndef res_nsearch
  return ((int*)(&res_nsearch))[argc];
#else
  (void)argc;
  return 0;
#endif
}
Determining if the res_nclose exist passed with the following output:
Change Dir: /home/cici/mongodb/mongo-c-driver-1.23.2/build/CMakeFiles/CMakeTmp

Run Build Command(s):/usr/bin/make cmTC_504b1/fast && /usr/bin/make -f CMakeFiles/cmTC_504b1.dir/build.make CMakeFiles/cmTC_504b1.dir/build
make[1]: Entering directory '/home/cici/mongodb/mongo-c-driver-1.23.2/build/CMakeFiles/CMakeTmp'
Building C object CMakeFiles/cmTC_504b1.dir/CheckSymbolExists.c.o
/usr/bin/cc -D_BSD_SOURCE -D_DEFAULT_SOURCE -D_XOPEN_SOURCE=700   -o CMakeFiles/cmTC_504b1.dir/CheckSymbolExists.c.o   -c /home/cici/mongodb/mongo-c-driver-1.23.2/build/CMakeFiles/CMakeTmp/CheckSymbolExists.c
Linking C executable cmTC_504b1
/usr/bin/cmake -E cmake_link_script CMakeFiles/cmTC_504b1.dir/link.txt --verbose=1
/usr/bin/cc      -rdynamic CMakeFiles/cmTC_504b1.dir/CheckSymbolExists.c.o  -o cmTC_504b1 
make[1]: Leaving directory '/home/cici/mongodb/mongo-c-driver-1.23.2/build/CMakeFiles/CMakeTmp'


File /home/cici/mongodb/mongo-c-driver-1.23.2/build/CMakeFiles/CMakeTmp/CheckSymbolExists.c:
/* */
#include <resolv.h>

int main(int argc, char** argv)
{
  (void)argv;
#ifndef res_nclose
  return ((int*)(&res_nclose))[argc];
#else
  (void)argc;
  return 0;
#endif
}
Performing C SOURCE FILE Test MONGOC_HAVE_SS_FAMILY succeeded with the following output:
Change Dir: /home/cici/mongodb/mongo-c-driver-1.23.2/build/CMakeFiles/CMakeTmp

Run Build Command(s):/usr/bin/make cmTC_87079/fast && /usr/bin/make -f CMakeFiles/cmTC_87079.dir/build.make CMakeFiles/cmTC_87079.dir/build
make[1]: Entering directory '/home/cici/mongodb/mongo-c-driver-1.23.2/build/CMakeFiles/CMakeTmp'
Building C object CMakeFiles/cmTC_87079.dir/src.c.o
/usr/bin/cc -D_BSD_SOURCE -D_DEFAULT_SOURCE -D_XOPEN_SOURCE=700  -DMONGOC_HAVE_SS_FAMILY   -o CMakeFiles/cmTC_87079.dir/src.c.o   -c /home/cici/mongodb/mongo-c-driver-1.23.2/build/CMakeFiles/CMakeTmp/src.c
Linking C executable cmTC_87079
/usr/bin/cmake -E cmake_link_script CMakeFiles/cmTC_87079.dir/link.txt --verbose=1
/usr/bin/cc  -DMONGOC_HAVE_SS_FAMILY    -rdynamic CMakeFiles/cmTC_87079.dir/src.c.o  -o cmTC_87079 
make[1]: Leaving directory '/home/cici/mongodb/mongo-c-driver-1.23.2/build/CMakeFiles/CMakeTmp'


Source file was:

#include <sys/socket.h>

int main()
{
  (void)sizeof(((struct sockaddr_storage *)0)->ss_family);
  return 0;
}

